2018-06-12 10:25:19,118 [1] INFO  Photon.SocketServer.ApplicationBase - Application start: AppId=CounterPublisher; AppPath=C:\HP\Photon-OnPremise-Server-SDK_v4-0-29-11263\deploy\CounterPublisher, Type=Photon.CounterPublisher.Application 
2018-06-12 10:25:19,140 [1] INFO  Photon.SocketServer.Diagnostics.CounterPublisher - CounterPublisher started publishing ExitGames.Diagnostics.Monitoring.CounterSamplePublisher to ExitGames.Diagnostics.Monitoring.CounterSampleSender
2018-06-12 10:26:35,983 [1] INFO  Photon.SocketServer.ApplicationBase - Application is stopping: AppId=CounterPublisher
2018-06-12 10:26:36,032 [1] INFO  Photon.SocketServer.ApplicationBase - Application stop: AppId=CounterPublisher
2018-06-12 10:28:18,164 [1] INFO  Photon.SocketServer.ApplicationBase - Application start: AppId=CounterPublisher; AppPath=C:\HP\Photon-OnPremise-Server-SDK_v4-0-29-11263\deploy\CounterPublisher, Type=Photon.CounterPublisher.Application 
2018-06-12 10:28:18,187 [1] INFO  Photon.SocketServer.Diagnostics.CounterPublisher - CounterPublisher started publishing ExitGames.Diagnostics.Monitoring.CounterSamplePublisher to ExitGames.Diagnostics.Monitoring.CounterSampleSender
2018-06-12 10:29:12,581 [1] INFO  Photon.SocketServer.ApplicationBase - Application is stopping: AppId=CounterPublisher
2018-06-12 10:29:12,630 [1] INFO  Photon.SocketServer.ApplicationBase - Application stop: AppId=CounterPublisher
2018-06-12 10:29:52,499 [1] INFO  Photon.SocketServer.ApplicationBase - Application start: AppId=CounterPublisher; AppPath=C:\HP\Photon-OnPremise-Server-SDK_v4-0-29-11263\deploy\CounterPublisher, Type=Photon.CounterPublisher.Application 
2018-06-12 10:29:52,522 [1] INFO  Photon.SocketServer.Diagnostics.CounterPublisher - CounterPublisher started publishing ExitGames.Diagnostics.Monitoring.CounterSamplePublisher to ExitGames.Diagnostics.Monitoring.CounterSampleSender
2018-06-12 14:29:42,572 [1] INFO  Photon.SocketServer.ApplicationBase - Application is stopping: AppId=CounterPublisher
2018-06-12 14:29:42,720 [1] INFO  Photon.SocketServer.ApplicationBase - Application stop: AppId=CounterPublisher
2018-06-13 15:21:43,856 [1] INFO  Photon.SocketServer.ApplicationBase - Application start: AppId=CounterPublisher; AppPath=C:\HP\Photon-OnPremise-Server-SDK_v4-0-29-11263\deploy\CounterPublisher, Type=Photon.CounterPublisher.Application 
2018-06-13 15:21:43,884 [1] INFO  Photon.SocketServer.Diagnostics.CounterPublisher - CounterPublisher started publishing ExitGames.Diagnostics.Monitoring.CounterSamplePublisher to ExitGames.Diagnostics.Monitoring.CounterSampleSender
2018-06-13 15:25:13,371 [1] INFO  Photon.SocketServer.ApplicationBase - Application is stopping: AppId=CounterPublisher
2018-06-13 15:25:13,419 [1] INFO  Photon.SocketServer.ApplicationBase - Application stop: AppId=CounterPublisher
2018-06-13 15:26:09,362 [1] INFO  Photon.SocketServer.ApplicationBase - Application start: AppId=CounterPublisher; AppPath=C:\HP\Photon-OnPremise-Server-SDK_v4-0-29-11263\deploy\CounterPublisher, Type=Photon.CounterPublisher.Application 
2018-06-13 15:26:09,387 [1] INFO  Photon.SocketServer.Diagnostics.CounterPublisher - CounterPublisher started publishing ExitGames.Diagnostics.Monitoring.CounterSamplePublisher to ExitGames.Diagnostics.Monitoring.CounterSampleSender
2018-06-13 15:26:38,772 [1] INFO  Photon.SocketServer.ApplicationBase - Application is stopping: AppId=CounterPublisher
2018-06-13 15:26:38,822 [1] INFO  Photon.SocketServer.ApplicationBase - Application stop: AppId=CounterPublisher
2018-06-13 15:27:14,262 [1] INFO  Photon.SocketServer.ApplicationBase - Application start: AppId=CounterPublisher; AppPath=C:\HP\Photon-OnPremise-Server-SDK_v4-0-29-11263\deploy\CounterPublisher, Type=Photon.CounterPublisher.Application 
2018-06-13 15:27:14,287 [1] INFO  Photon.SocketServer.Diagnostics.CounterPublisher - CounterPublisher started publishing ExitGames.Diagnostics.Monitoring.CounterSamplePublisher to ExitGames.Diagnostics.Monitoring.CounterSampleSender
2018-06-14 09:54:19,706 [1] INFO  Photon.SocketServer.ApplicationBase - Application is stopping: AppId=CounterPublisher
2018-06-14 09:54:19,741 [1] INFO  Photon.SocketServer.ApplicationBase - Application stop: AppId=CounterPublisher
2018-06-14 10:00:23,149 [1] INFO  Photon.SocketServer.ApplicationBase - Application start: AppId=CounterPublisher; AppPath=C:\HP\Photon-OnPremise-Server-SDK_v4-0-29-11263\deploy\CounterPublisher, Type=Photon.CounterPublisher.Application 
2018-06-14 10:00:23,171 [1] INFO  Photon.SocketServer.Diagnostics.CounterPublisher - CounterPublisher started publishing ExitGames.Diagnostics.Monitoring.CounterSamplePublisher to ExitGames.Diagnostics.Monitoring.CounterSampleSender
2018-06-14 10:01:39,092 [1] INFO  Photon.SocketServer.ApplicationBase - Application is stopping: AppId=CounterPublisher
2018-06-14 10:01:39,142 [1] INFO  Photon.SocketServer.ApplicationBase - Application stop: AppId=CounterPublisher
2018-06-14 10:01:51,950 [1] INFO  Photon.SocketServer.ApplicationBase - Application start: AppId=CounterPublisher; AppPath=C:\HP\Photon-OnPremise-Server-SDK_v4-0-29-11263\deploy\CounterPublisher, Type=Photon.CounterPublisher.Application 
2018-06-14 10:01:51,973 [1] INFO  Photon.SocketServer.Diagnostics.CounterPublisher - CounterPublisher started publishing ExitGames.Diagnostics.Monitoring.CounterSamplePublisher to ExitGames.Diagnostics.Monitoring.CounterSampleSender
2018-06-14 10:19:19,764 [1] INFO  Photon.SocketServer.ApplicationBase - Application is stopping: AppId=CounterPublisher
2018-06-14 10:19:19,806 [1] INFO  Photon.SocketServer.ApplicationBase - Application stop: AppId=CounterPublisher
2018-06-14 10:19:50,589 [1] INFO  Photon.SocketServer.ApplicationBase - Application start: AppId=CounterPublisher; AppPath=C:\HP\Photon-OnPremise-Server-SDK_v4-0-29-11263\deploy\CounterPublisher, Type=Photon.CounterPublisher.Application 
2018-06-14 10:19:50,614 [1] INFO  Photon.SocketServer.Diagnostics.CounterPublisher - CounterPublisher started publishing ExitGames.Diagnostics.Monitoring.CounterSamplePublisher to ExitGames.Diagnostics.Monitoring.CounterSampleSender
2018-06-14 10:55:02,462 [1] INFO  Photon.SocketServer.ApplicationBase - Application is stopping: AppId=CounterPublisher
2018-06-14 10:55:02,501 [1] INFO  Photon.SocketServer.ApplicationBase - Application stop: AppId=CounterPublisher
2018-06-14 10:58:01,934 [1] INFO  Photon.SocketServer.ApplicationBase - Application start: AppId=CounterPublisher; AppPath=C:\HP\Photon-OnPremise-Server-SDK_v4-0-29-11263\deploy\CounterPublisher, Type=Photon.CounterPublisher.Application 
2018-06-14 10:58:01,963 [1] INFO  Photon.SocketServer.Diagnostics.CounterPublisher - CounterPublisher started publishing ExitGames.Diagnostics.Monitoring.CounterSamplePublisher to ExitGames.Diagnostics.Monitoring.CounterSampleSender
2018-06-14 10:58:25,244 [1] INFO  Photon.SocketServer.ApplicationBase - Application is stopping: AppId=CounterPublisher
2018-06-14 10:58:25,299 [1] INFO  Photon.SocketServer.ApplicationBase - Application stop: AppId=CounterPublisher
2018-06-14 10:58:43,459 [1] INFO  Photon.SocketServer.ApplicationBase - Application start: AppId=CounterPublisher; AppPath=C:\HP\Photon-OnPremise-Server-SDK_v4-0-29-11263\deploy\CounterPublisher, Type=Photon.CounterPublisher.Application 
2018-06-14 10:58:43,487 [1] INFO  Photon.SocketServer.Diagnostics.CounterPublisher - CounterPublisher started publishing ExitGames.Diagnostics.Monitoring.CounterSamplePublisher to ExitGames.Diagnostics.Monitoring.CounterSampleSender
2018-06-14 10:58:57,457 [1] INFO  Photon.SocketServer.ApplicationBase - Application is stopping: AppId=CounterPublisher
2018-06-14 10:58:57,513 [1] INFO  Photon.SocketServer.ApplicationBase - Application stop: AppId=CounterPublisher
2018-06-14 10:59:12,052 [1] INFO  Photon.SocketServer.ApplicationBase - Application start: AppId=CounterPublisher; AppPath=C:\HP\Photon-OnPremise-Server-SDK_v4-0-29-11263\deploy\CounterPublisher, Type=Photon.CounterPublisher.Application 
2018-06-14 10:59:12,080 [1] INFO  Photon.SocketServer.Diagnostics.CounterPublisher - CounterPublisher started publishing ExitGames.Diagnostics.Monitoring.CounterSamplePublisher to ExitGames.Diagnostics.Monitoring.CounterSampleSender
2018-06-14 11:06:08,197 [1] INFO  Photon.SocketServer.ApplicationBase - Application is stopping: AppId=CounterPublisher
2018-06-14 11:06:08,270 [1] INFO  Photon.SocketServer.ApplicationBase - Application stop: AppId=CounterPublisher
2018-06-14 11:06:18,850 [1] INFO  Photon.SocketServer.ApplicationBase - Application start: AppId=CounterPublisher; AppPath=C:\HP\Photon-OnPremise-Server-SDK_v4-0-29-11263\deploy\CounterPublisher, Type=Photon.CounterPublisher.Application 
2018-06-14 11:06:18,888 [1] INFO  Photon.SocketServer.Diagnostics.CounterPublisher - CounterPublisher started publishing ExitGames.Diagnostics.Monitoring.CounterSamplePublisher to ExitGames.Diagnostics.Monitoring.CounterSampleSender
2018-06-14 13:58:27,184 [4] WARN  ExitGames.Diagnostics.Monitoring.Protocol.PhotonBinaryWriterBase - SendData: Publishing counter data failed for the 0 time: An invalid argument was supplied
2018-06-14 13:58:27,193 [4] WARN  Photon.SocketServer.Diagnostics.CounterPublisher - CounterPublisher stopped working because of a network loss
2018-06-18 14:20:59,403 [1] INFO  Photon.SocketServer.ApplicationBase - Application is stopping: AppId=CounterPublisher
2018-06-18 14:20:59,454 [1] INFO  Photon.SocketServer.ApplicationBase - Application stop: AppId=CounterPublisher
2018-06-18 14:40:21,785 [1] INFO  Photon.SocketServer.ApplicationBase - Application start: AppId=CounterPublisher; AppPath=C:\HP\Photon-OnPremise-Server-SDK_v4-0-29-11263\deploy\CounterPublisher, Type=Photon.CounterPublisher.Application 
2018-06-18 14:40:21,814 [1] INFO  Photon.SocketServer.Diagnostics.CounterPublisher - CounterPublisher started publishing ExitGames.Diagnostics.Monitoring.CounterSamplePublisher to ExitGames.Diagnostics.Monitoring.CounterSampleSender
2018-06-19 15:54:51,476 [1] INFO  Photon.SocketServer.ApplicationBase - Application start: AppId=CounterPublisher; AppPath=C:\HP\Photon-OnPremise-Server-SDK_v4-0-29-11263\deploy\CounterPublisher, Type=Photon.CounterPublisher.Application 
2018-06-19 15:54:51,503 [1] INFO  Photon.SocketServer.Diagnostics.CounterPublisher - CounterPublisher started publishing ExitGames.Diagnostics.Monitoring.CounterSamplePublisher to ExitGames.Diagnostics.Monitoring.CounterSampleSender
2018-06-25 09:11:31,279 [1] INFO  Photon.SocketServer.ApplicationBase - Application start: AppId=CounterPublisher; AppPath=C:\HP\Photon-OnPremise-Server-SDK_v4-0-29-11263\deploy\CounterPublisher, Type=Photon.CounterPublisher.Application 
2018-06-25 09:11:31,305 [1] INFO  Photon.SocketServer.Diagnostics.CounterPublisher - CounterPublisher started publishing ExitGames.Diagnostics.Monitoring.CounterSamplePublisher to ExitGames.Diagnostics.Monitoring.CounterSampleSender
2018-06-25 19:31:16,588 [1] INFO  Photon.SocketServer.ApplicationBase - Application start: AppId=CounterPublisher; AppPath=C:\HP\Photon-OnPremise-Server-SDK_v4-0-29-11263\deploy\CounterPublisher, Type=Photon.CounterPublisher.Application 
2018-06-25 19:31:16,614 [1] INFO  Photon.SocketServer.Diagnostics.CounterPublisher - CounterPublisher started publishing ExitGames.Diagnostics.Monitoring.CounterSamplePublisher to ExitGames.Diagnostics.Monitoring.CounterSampleSender
2018-06-26 10:21:57,923 [1] INFO  Photon.SocketServer.ApplicationBase - Application start: AppId=CounterPublisher; AppPath=C:\HP\Photon-OnPremise-Server-SDK_v4-0-29-11263\deploy\CounterPublisher, Type=Photon.CounterPublisher.Application 
2018-06-26 10:21:57,962 [1] INFO  Photon.SocketServer.Diagnostics.CounterPublisher - CounterPublisher started publishing ExitGames.Diagnostics.Monitoring.CounterSamplePublisher to ExitGames.Diagnostics.Monitoring.CounterSampleSender
