2018-06-26 17:28:09,942 [1] INFO  Photon.StarDust.Client.Program - Starting 5 games with 3 players
2018-06-26 17:28:10,110 [4] INFO  Photon.StarDust.Client.ConnectionStates.LoadBalancing.WaitingForGameServerConnect - Connecting to 192.168.2.25:5056
2018-06-26 17:28:10,438 [6] INFO  Photon.StarDust.Client.Program - [12312] Started game LAPTOP-CQH2QPVG(12312)1 with 3 clients
2018-06-26 17:28:10,544 [14] INFO  Photon.StarDust.Client.ConnectionStates.LoadBalancing.WaitingForGameServerConnect - Connecting to 192.168.2.25:5056
2018-06-26 17:28:10,700 [14] INFO  Photon.StarDust.Client.ConnectionStates.LoadBalancing.WaitingForGameServerConnect - Connecting to 192.168.2.25:5056
2018-06-26 17:28:10,752 [6] INFO  Photon.StarDust.Client.Program - [12312] Started game LAPTOP-CQH2QPVG(12312)2 with 3 clients
2018-06-26 17:28:10,854 [18] INFO  Photon.StarDust.Client.ConnectionStates.LoadBalancing.WaitingForGameServerConnect - Connecting to 192.168.2.25:5056
2018-06-26 17:28:10,887 [11] INFO  Photon.StarDust.Client.ConnectionStates.LoadBalancing.WaitingForGameServerConnect - Connecting to 192.168.2.25:5056
2018-06-26 17:28:10,952 [14] DEBUG Photon.StarDust.Client.Program - peers: 8, r-ev: 15.54953, ur-ev: 0, r-op: 35.54176, ur-op: 0, res: 22.21356, r-rtt: 40, ur-rtt: 0, rtt: 5, var: 35.33333, flsh-rtt: 0, flsh-ev 0, flsh-op 0
2018-06-26 17:28:11,128 [6] INFO  Photon.StarDust.Client.Program - [12312] Started game LAPTOP-CQH2QPVG(12312)3 with 3 clients
2018-06-26 17:28:11,168 [15] INFO  Photon.StarDust.Client.ConnectionStates.LoadBalancing.WaitingForGameServerConnect - Connecting to 192.168.2.25:5056
2018-06-26 17:28:11,234 [4] INFO  Photon.StarDust.Client.ConnectionStates.LoadBalancing.WaitingForGameServerConnect - Connecting to 192.168.2.25:5056
2018-06-26 17:28:11,235 [7] INFO  Photon.StarDust.Client.ConnectionStates.LoadBalancing.WaitingForGameServerConnect - Connecting to 192.168.2.25:5056
2018-06-26 17:28:11,467 [53] INFO  Photon.StarDust.Client.ConnectionStates.LoadBalancing.WaitingForGameServerConnect - Connecting to 192.168.2.25:5056
2018-06-26 17:28:11,573 [6] INFO  Photon.StarDust.Client.Program - [12312] Started game LAPTOP-CQH2QPVG(12312)4 with 3 clients
2018-06-26 17:28:11,622 [59] INFO  Photon.StarDust.Client.ConnectionStates.LoadBalancing.WaitingForGameServerConnect - Connecting to 192.168.2.25:5056
2018-06-26 17:28:11,668 [50] INFO  Photon.StarDust.Client.ConnectionStates.LoadBalancing.WaitingForGameServerConnect - Connecting to 192.168.2.25:5056
2018-06-26 17:28:11,918 [59] INFO  Photon.StarDust.Client.ConnectionStates.LoadBalancing.WaitingForGameServerConnect - Connecting to 192.168.2.25:5056
2018-06-26 17:28:11,952 [7] DEBUG Photon.StarDust.Client.Program - peers: 14, r-ev: 114.9863, ur-ev: 0, r-op: 91.98904, ur-op: 0, res: 28.99655, r-rtt: 40.82609, ur-rtt: 0, rtt: 8.818182, var: 29.81818, flsh-rtt: 0, flsh-ev 0, flsh-op 0
2018-06-26 17:28:11,954 [6] INFO  Photon.StarDust.Client.Program - [12312] Started game LAPTOP-CQH2QPVG(12312)5 with 3 clients
2018-06-26 17:28:12,076 [57] INFO  Photon.StarDust.Client.ConnectionStates.LoadBalancing.WaitingForGameServerConnect - Connecting to 192.168.2.25:5056
2018-06-26 17:28:12,296 [11] INFO  Photon.StarDust.Client.ConnectionStates.LoadBalancing.WaitingForGameServerConnect - Connecting to 192.168.2.25:5056
2018-06-26 17:28:12,452 [60] INFO  Photon.StarDust.Client.ConnectionStates.LoadBalancing.WaitingForGameServerConnect - Connecting to 192.168.2.25:5056
2018-06-26 17:28:12,963 [52] DEBUG Photon.StarDust.Client.Program - peers: 15, r-ev: 238.341, ur-ev: 0, r-op: 134.4995, ur-op: 0, res: 10.87863, r-rtt: 40.71983, ur-rtt: 0, rtt: 11.53333, var: 13.8, flsh-rtt: 0, flsh-ev 0, flsh-op 0
2018-06-26 17:28:13,967 [52] DEBUG Photon.StarDust.Client.Program - peers: 15, r-ev: 279.7393, ur-ev: 0, r-op: 136.3854, ur-op: 0, res: 0, r-rtt: 39.45357, ur-rtt: 0, rtt: 14.2, var: 6, flsh-rtt: 0, flsh-ev 0, flsh-op 0
2018-06-26 17:28:14,980 [57] DEBUG Photon.StarDust.Client.Program - peers: 15, r-ev: 275.5257, ur-ev: 0, r-op: 137.2691, ur-op: 0, res: 0, r-rtt: 38.67384, ur-rtt: 0, rtt: 14.8, var: 6.533333, flsh-rtt: 0, flsh-ev 0, flsh-op 0
2018-06-26 17:28:15,983 [51] DEBUG Photon.StarDust.Client.Program - peers: 15, r-ev: 271.03, ur-ev: 0, r-op: 135.515, ur-op: 0, res: 0, r-rtt: 40.16177, ur-rtt: 0, rtt: 16.2, var: 4.733333, flsh-rtt: 0, flsh-ev 0, flsh-op 0
2018-06-26 17:28:16,996 [57] DEBUG Photon.StarDust.Client.Program - peers: 15, r-ev: 274.6565, ur-ev: 0, r-op: 140.2921, ur-op: 0, res: 0, r-rtt: 36.04317, ur-rtt: 0, rtt: 16.2, var: 5.466667, flsh-rtt: 0, flsh-ev 0, flsh-op 0
2018-06-26 17:28:18,000 [55] DEBUG Photon.StarDust.Client.Program - peers: 15, r-ev: 277.834, ur-ev: 0, r-op: 135.4316, ur-op: 0, res: 0, r-rtt: 39.56631, ur-rtt: 0, rtt: 16.73333, var: 5.933333, flsh-rtt: 0, flsh-ev 0, flsh-op 0
2018-06-26 17:28:19,012 [58] DEBUG Photon.StarDust.Client.Program - peers: 15, r-ev: 267.7404, ur-ev: 0, r-op: 137.3281, ur-op: 0, res: 0, r-rtt: 39.38007, ur-rtt: 0, rtt: 17.46667, var: 6.066667, flsh-rtt: 0, flsh-ev 0, flsh-op 0
2018-06-26 17:28:20,025 [55] DEBUG Photon.StarDust.Client.Program - peers: 15, r-ev: 278.2479, ur-ev: 0, r-op: 140.1106, ur-op: 0, res: 0, r-rtt: 36.68085, ur-rtt: 0, rtt: 16.13333, var: 5.2, flsh-rtt: 0, flsh-ev 0, flsh-op 0
2018-06-26 17:28:21,030 [55] DEBUG Photon.StarDust.Client.Program - peers: 15, r-ev: 270.8993, ur-ev: 0, r-op: 136.4456, ur-op: 0, res: 0, r-rtt: 38.22059, ur-rtt: 0, rtt: 15.26667, var: 5.6, flsh-rtt: 0, flsh-ev 0, flsh-op 0
2018-06-26 17:28:22,044 [7] DEBUG Photon.StarDust.Client.Program - peers: 15, r-ev: 281.7876, ur-ev: 0, r-op: 133.9969, ur-op: 0, res: 0, r-rtt: 39.7937, ur-rtt: 0, rtt: 14.86667, var: 6.666667, flsh-rtt: 0, flsh-ev 0, flsh-op 0
2018-06-26 17:28:23,057 [15] DEBUG Photon.StarDust.Client.Program - peers: 15, r-ev: 268.7278, ur-ev: 0, r-op: 138.3158, ur-op: 0, res: 0, r-rtt: 40.08088, ur-rtt: 0, rtt: 14.86667, var: 6.733333, flsh-rtt: 0, flsh-ev 0, flsh-op 0
2018-06-26 17:28:24,060 [62] DEBUG Photon.StarDust.Client.Program - peers: 15, r-ev: 279.162, ur-ev: 0, r-op: 136.5899, ur-op: 0, res: 0, r-rtt: 39.11428, ur-rtt: 0, rtt: 14.6, var: 5.2, flsh-rtt: 0, flsh-ev 0, flsh-op 0
2018-06-26 17:28:25,073 [60] DEBUG Photon.StarDust.Client.Program - peers: 15, r-ev: 266.382, ur-ev: 0, r-op: 140.0972, ur-op: 0, res: 0, r-rtt: 37.26667, ur-rtt: 0, rtt: 14.4, var: 6.466667, flsh-rtt: 0, flsh-ev 0, flsh-op 0
2018-06-26 17:28:26,073 [56] DEBUG Photon.StarDust.Client.Program - peers: 15, r-ev: 280.0526, ur-ev: 0, r-op: 135.0254, ur-op: 0, res: 0, r-rtt: 35.12143, ur-rtt: 0, rtt: 15.13333, var: 4.6, flsh-rtt: 0, flsh-ev 0, flsh-op 0
2018-06-26 17:28:27,073 [62] DEBUG Photon.StarDust.Client.Program - peers: 15, r-ev: 279.9099, ur-ev: 0, r-op: 138.9552, ur-op: 0, res: 0, r-rtt: 40.53929, ur-rtt: 0, rtt: 16.86667, var: 6.066667, flsh-rtt: 0, flsh-ev 0, flsh-op 0
2018-06-26 17:28:28,075 [59] DEBUG Photon.StarDust.Client.Program - peers: 15, r-ev: 267.5398, ur-ev: 0, r-op: 136.7648, ur-op: 0, res: 0, r-rtt: 40.81343, ur-rtt: 0, rtt: 17.2, var: 7.2, flsh-rtt: 0, flsh-ev 0, flsh-op 0
2018-06-26 17:28:29,077 [4] DEBUG Photon.StarDust.Client.Program - peers: 15, r-ev: 278.575, ur-ev: 0, r-op: 134.7944, ur-op: 0, res: 0, r-rtt: 36.83154, ur-rtt: 0, rtt: 17.26667, var: 6.066667, flsh-rtt: 0, flsh-ev 0, flsh-op 0
2018-06-26 17:28:30,090 [56] DEBUG Photon.StarDust.Client.Program - peers: 15, r-ev: 268.4962, ur-ev: 0, r-op: 142.145, ur-op: 0, res: 0, r-rtt: 39.91912, ur-rtt: 0, rtt: 15.33333, var: 6.066667, flsh-rtt: 0, flsh-ev 0, flsh-op 0
2018-06-26 17:28:31,092 [6] DEBUG Photon.StarDust.Client.Program - peers: 15, r-ev: 270.4327, ur-ev: 0, r-op: 134.7174, ur-op: 0, res: 0, r-rtt: 37.86347, ur-rtt: 0, rtt: 15.93333, var: 7.066667, flsh-rtt: 0, flsh-ev 0, flsh-op 0
2018-06-26 17:28:32,106 [7] DEBUG Photon.StarDust.Client.Program - peers: 15, r-ev: 283.9612, ur-ev: 0, r-op: 134.0927, ur-op: 0, res: 0, r-rtt: 38.24653, ur-rtt: 0, rtt: 16.73333, var: 7, flsh-rtt: 0, flsh-ev 0, flsh-op 0
2018-06-26 17:28:33,108 [53] DEBUG Photon.StarDust.Client.Program - peers: 15, r-ev: 272.5061, ur-ev: 0, r-op: 139.7468, ur-op: 0, res: 0, r-rtt: 37.76191, ur-rtt: 0, rtt: 15.13333, var: 6.533333, flsh-rtt: 0, flsh-ev 0, flsh-op 0
2018-06-26 17:28:34,108 [6] DEBUG Photon.StarDust.Client.Program - peers: 15, r-ev: 276.9529, ur-ev: 0, r-op: 134.9771, ur-op: 0, res: 0, r-rtt: 36.06093, ur-rtt: 0, rtt: 16, var: 7.266667, flsh-rtt: 0, flsh-ev 0, flsh-op 0
2018-06-26 17:28:35,120 [62] DEBUG Photon.StarDust.Client.Program - peers: 15, r-ev: 268.8557, ur-ev: 0, r-op: 139.3701, ur-op: 0, res: 0, r-rtt: 40.38519, ur-rtt: 0, rtt: 15.53333, var: 5.2, flsh-rtt: 0, flsh-ev 0, flsh-op 0
2018-06-26 17:28:36,122 [14] DEBUG Photon.StarDust.Client.Program - peers: 15, r-ev: 273.2845, ur-ev: 0, r-op: 137.6396, ur-op: 0, res: 0, r-rtt: 40.4416, ur-rtt: 0, rtt: 16.26667, var: 6.066667, flsh-rtt: 0, flsh-ev 0, flsh-op 0
2018-06-26 17:28:37,122 [60] DEBUG Photon.StarDust.Client.Program - peers: 15, r-ev: 281.9527, ur-ev: 0, r-op: 134.9774, ur-op: 0, res: 0, r-rtt: 36.94346, ur-rtt: 0, rtt: 17.93333, var: 5.666667, flsh-rtt: 0, flsh-ev 0, flsh-op 0
2018-06-26 17:28:38,125 [61] DEBUG Photon.StarDust.Client.Program - peers: 15, r-ev: 271.3561, ur-ev: 0, r-op: 140.6662, ur-op: 0, res: 0, r-rtt: 38.49446, ur-rtt: 0, rtt: 17.33333, var: 6.533333, flsh-rtt: 0, flsh-ev 0, flsh-op 0
2018-06-26 17:28:39,135 [50] DEBUG Photon.StarDust.Client.Program - peers: 15, r-ev: 278.9987, ur-ev: 0, r-op: 133.5632, ur-op: 0, res: 0, r-rtt: 37.15603, ur-rtt: 0, rtt: 15.66667, var: 5.866667, flsh-rtt: 0, flsh-ev 0, flsh-op 0
2018-06-26 17:28:40,137 [61] DEBUG Photon.StarDust.Client.Program - peers: 15, r-ev: 267.7053, ur-ev: 0, r-op: 137.8482, ur-op: 0, res: 0, r-rtt: 37.4403, ur-rtt: 0, rtt: 17.2, var: 5.333333, flsh-rtt: 0, flsh-ev 0, flsh-op 0
2018-06-26 17:28:41,151 [55] DEBUG Photon.StarDust.Client.Program - peers: 15, r-ev: 268.1756, ur-ev: 0, r-op: 139.0175, ur-op: 0, res: 0, r-rtt: 39.21323, ur-rtt: 0, rtt: 16.26667, var: 4.8, flsh-rtt: 0, flsh-ev 0, flsh-op 0
2018-06-26 17:28:42,154 [19] DEBUG Photon.StarDust.Client.Program - peers: 15, r-ev: 287.0535, ur-ev: 0, r-op: 135.553, ur-op: 0, res: 0, r-rtt: 37.50694, ur-rtt: 0, rtt: 16.6, var: 6.333333, flsh-rtt: 0, flsh-ev 0, flsh-op 0
2018-06-26 17:28:43,154 [52] DEBUG Photon.StarDust.Client.Program - peers: 15, r-ev: 270.1563, ur-ev: 0, r-op: 139.0804, ur-op: 0, res: 0, r-rtt: 37.61852, ur-rtt: 0, rtt: 16, var: 7.2, flsh-rtt: 0, flsh-ev 0, flsh-op 0
2018-06-26 17:28:44,155 [7] DEBUG Photon.StarDust.Client.Program - peers: 15, r-ev: 269.6032, ur-ev: 0, r-op: 135.8001, ur-op: 0, res: 0, r-rtt: 36.37407, ur-rtt: 0, rtt: 15.4, var: 5.333333, flsh-rtt: 0, flsh-ev 0, flsh-op 0
2018-06-26 17:28:45,167 [51] DEBUG Photon.StarDust.Client.Program - peers: 15, r-ev: 278.6215, ur-ev: 0, r-op: 136.3467, ur-op: 0, res: 0, r-rtt: 39.51773, ur-rtt: 0, rtt: 15.33333, var: 6.6, flsh-rtt: 0, flsh-ev 0, flsh-op 0
2018-06-26 17:28:46,181 [50] DEBUG Photon.StarDust.Client.Program - peers: 15, r-ev: 266.2026, ur-ev: 0, r-op: 139.0169, ur-op: 0, res: 0, r-rtt: 39.6, ur-rtt: 0, rtt: 14.6, var: 5.4, flsh-rtt: 0, flsh-ev 0, flsh-op 0
2018-06-26 17:28:47,185 [5] DEBUG Photon.StarDust.Client.Program - peers: 15, r-ev: 287.049, ur-ev: 0, r-op: 134.5542, ur-op: 0, res: 0, r-rtt: 40.18056, ur-rtt: 0, rtt: 14.93333, var: 6.8, flsh-rtt: 0, flsh-ev 0, flsh-op 0
2018-06-26 17:28:48,186 [62] DEBUG Photon.StarDust.Client.Program - peers: 15, r-ev: 269.7814, ur-ev: 0, r-op: 139.8867, ur-op: 0, res: 0, r-rtt: 37.3037, ur-rtt: 0, rtt: 15.06667, var: 5.733333, flsh-rtt: 0, flsh-ev 0, flsh-op 0
2018-06-26 17:28:49,186 [63] DEBUG Photon.StarDust.Client.Program - peers: 15, r-ev: 269.9239, ur-ev: 0, r-op: 135.9617, ur-op: 0, res: 0, r-rtt: 39.13704, ur-rtt: 0, rtt: 14.66667, var: 6.2, flsh-rtt: 0, flsh-ev 0, flsh-op 0
2018-06-26 17:28:50,186 [50] DEBUG Photon.StarDust.Client.Program - peers: 15, r-ev: 273.0858, ur-ev: 0, r-op: 137.0431, ur-op: 0, res: 0, r-rtt: 39.50549, ur-rtt: 0, rtt: 14.73333, var: 5.933333, flsh-rtt: 0, flsh-ev 0, flsh-op 0
2018-06-26 17:28:51,199 [56] DEBUG Photon.StarDust.Client.Program - peers: 15, r-ev: 275.2883, ur-ev: 0, r-op: 137.1508, ur-op: 0, res: 0, r-rtt: 38.72401, ur-rtt: 0, rtt: 15.6, var: 6.466667, flsh-rtt: 0, flsh-ev 0, flsh-op 0
2018-06-26 17:28:52,213 [18] DEBUG Photon.StarDust.Client.Program - peers: 15, r-ev: 266.2527, ur-ev: 0, r-op: 136.0847, ur-op: 0, res: 0, r-rtt: 40.9854, ur-rtt: 0, rtt: 15.53333, var: 6.666667, flsh-rtt: 0, flsh-ev 0, flsh-op 0
2018-06-26 17:28:53,214 [18] DEBUG Photon.StarDust.Client.Program - peers: 15, r-ev: 288.6392, ur-ev: 0, r-op: 140.8239, ur-op: 0, res: 0, r-rtt: 38.05965, ur-rtt: 0, rtt: 16.4, var: 5.733333, flsh-rtt: 0, flsh-ev 0, flsh-op 0
2018-06-26 17:28:54,216 [59] DEBUG Photon.StarDust.Client.Program - peers: 15, r-ev: 268.6289, ur-ev: 0, r-op: 134.8138, ur-op: 0, res: 0, r-rtt: 37.94796, ur-rtt: 0, rtt: 16.33333, var: 5.2, flsh-rtt: 0, flsh-ev 0, flsh-op 0
2018-06-26 17:28:55,229 [57] DEBUG Photon.StarDust.Client.Program - peers: 15, r-ev: 270.4209, ur-ev: 0, r-op: 136.1974, ur-op: 0, res: 0, r-rtt: 40.87591, ur-rtt: 0, rtt: 13.86667, var: 5.6, flsh-rtt: 0, flsh-ev 0, flsh-op 0
2018-06-26 17:28:56,229 [7] DEBUG Photon.StarDust.Client.Program - peers: 15, r-ev: 281.9565, ur-ev: 0, r-op: 134.9791, ur-op: 0, res: 0, r-rtt: 38.5, ur-rtt: 0, rtt: 14.46667, var: 5.733333, flsh-rtt: 0, flsh-ev 0, flsh-op 0
2018-06-26 17:28:57,231 [52] DEBUG Photon.StarDust.Client.Program - peers: 15, r-ev: 268.3999, ur-ev: 0, r-op: 140.6855, ur-op: 0, res: 0, r-rtt: 37.86617, ur-rtt: 0, rtt: 13.13333, var: 5.133333, flsh-rtt: 0, flsh-ev 0, flsh-op 0
2018-06-26 17:28:58,245 [55] DEBUG Photon.StarDust.Client.Program - peers: 15, r-ev: 281.1261, ur-ev: 0, r-op: 137.1106, ur-op: 0, res: 0, r-rtt: 38.10526, ur-rtt: 0, rtt: 14.86667, var: 4.933333, flsh-rtt: 0, flsh-ev 0, flsh-op 0
2018-06-26 17:28:59,245 [6] DEBUG Photon.StarDust.Client.Program - peers: 15, r-ev: 270.1405, ur-ev: 0, r-op: 137.0713, ur-op: 0, res: 0, r-rtt: 34.86296, ur-rtt: 0, rtt: 14.26667, var: 5.133333, flsh-rtt: 0, flsh-ev 0, flsh-op 0
2018-06-26 17:29:00,247 [61] DEBUG Photon.StarDust.Client.Program - peers: 15, r-ev: 279.3951, ur-ev: 0, r-op: 137.7019, ur-op: 0, res: 0, r-rtt: 38.46264, ur-rtt: 0, rtt: 13, var: 5.533333, flsh-rtt: 0, flsh-ev 0, flsh-op 0
2018-06-26 17:29:01,261 [56] DEBUG Photon.StarDust.Client.Program - peers: 15, r-ev: 270.1279, ur-ev: 0, r-op: 135.064, ur-op: 0, res: 0, r-rtt: 37.28571, ur-rtt: 0, rtt: 12.4, var: 5.466667, flsh-rtt: 0, flsh-ev 0, flsh-op 0
2018-06-26 17:29:02,261 [60] DEBUG Photon.StarDust.Client.Program - peers: 15, r-ev: 273.8961, ur-ev: 0, r-op: 138.9473, ur-op: 0, res: 0, r-rtt: 39.92701, ur-rtt: 0, rtt: 12.4, var: 6.933333, flsh-rtt: 0, flsh-ev 0, flsh-op 0
2018-06-26 17:29:03,264 [56] DEBUG Photon.StarDust.Client.Program - peers: 15, r-ev: 270.3427, ur-ev: 0, r-op: 134.6726, ur-op: 0, res: 0, r-rtt: 36.80074, ur-rtt: 0, rtt: 13.06667, var: 6.133333, flsh-rtt: 0, flsh-ev 0, flsh-op 0
2018-06-26 17:29:04,276 [51] DEBUG Photon.StarDust.Client.Program - peers: 15, r-ev: 277.5392, ur-ev: 0, r-op: 139.2634, ur-op: 0, res: 0, r-rtt: 36.01779, ur-rtt: 0, rtt: 12.13333, var: 5.133333, flsh-rtt: 0, flsh-ev 0, flsh-op 0
2018-06-26 17:29:05,280 [55] DEBUG Photon.StarDust.Client.Program - peers: 15, r-ev: 273.0864, ur-ev: 0, r-op: 134.5497, ur-op: 0, res: 0, r-rtt: 35.60584, ur-rtt: 0, rtt: 11.8, var: 5.066667, flsh-rtt: 0, flsh-ev 0, flsh-op 0
2018-06-26 17:29:06,291 [58] DEBUG Photon.StarDust.Client.Program - peers: 15, r-ev: 274.8274, ur-ev: 0, r-op: 136.4253, ur-op: 0, res: 0, r-rtt: 39.52878, ur-rtt: 0, rtt: 12.93333, var: 6.733333, flsh-rtt: 0, flsh-ev 0, flsh-op 0
2018-06-26 17:29:07,295 [57] DEBUG Photon.StarDust.Client.Program - peers: 15, r-ev: 277.9869, ur-ev: 0, r-op: 140.488, ur-op: 0, res: 0, r-rtt: 35.08244, ur-rtt: 0, rtt: 12, var: 4.933333, flsh-rtt: 0, flsh-ev 0, flsh-op 0
2018-06-26 17:29:08,307 [57] DEBUG Photon.StarDust.Client.Program - peers: 15, r-ev: 275.6213, ur-ev: 0, r-op: 139.2925, ur-op: 0, res: 0, r-rtt: 36.9319, ur-rtt: 0, rtt: 11.53333, var: 5.2, flsh-rtt: 0, flsh-ev 0, flsh-op 0
2018-06-26 17:29:09,307 [5] DEBUG Photon.StarDust.Client.Program - peers: 15, r-ev: 272.0817, ur-ev: 0, r-op: 135.0405, ur-op: 0, res: 0, r-rtt: 38.83823, ur-rtt: 0, rtt: 13.66667, var: 7, flsh-rtt: 0, flsh-ev 0, flsh-op 0
2018-06-26 17:29:10,311 [58] DEBUG Photon.StarDust.Client.Program - peers: 15, r-ev: 277.9987, ur-ev: 0, r-op: 137.5047, ur-op: 0, res: 0, r-rtt: 36.38351, ur-rtt: 0, rtt: 15.46667, var: 4.466667, flsh-rtt: 28, flsh-ev 1.992821, flsh-op 0.9964103
2018-06-26 17:29:11,324 [56] DEBUG Photon.StarDust.Client.Program - peers: 15, r-ev: 267.3419, ur-ev: 0, r-op: 138.1103, ur-op: 0, res: 0, r-rtt: 38.49446, ur-rtt: 0, rtt: 13.2, var: 5.133333, flsh-rtt: 31.5, flsh-ev 3.946007, flsh-op 1.973004
2018-06-26 17:29:12,326 [64] DEBUG Photon.StarDust.Client.Program - peers: 15, r-ev: 280.4442, ur-ev: 0, r-op: 135.731, ur-op: 0, res: 0, r-rtt: 35.08897, ur-rtt: 0, rtt: 11.66667, var: 4.6, flsh-rtt: 31, flsh-ev 3.992086, flsh-op 1.996044
2018-06-26 17:29:13,339 [61] DEBUG Photon.StarDust.Client.Program - peers: 15, r-ev: 269.4538, ur-ev: 0, r-op: 137.1944, ur-op: 0, res: 0, r-rtt: 38.1978, ur-rtt: 0, rtt: 11, var: 5.533333, flsh-rtt: 0, flsh-ev 0, flsh-op 0
2018-06-26 17:29:14,342 [19] DEBUG Photon.StarDust.Client.Program - peers: 15, r-ev: 275.1917, ur-ev: 0, r-op: 136.5988, ur-op: 0, res: 0, r-rtt: 38.65942, ur-rtt: 0, rtt: 10.66667, var: 6.8, flsh-rtt: 0, flsh-ev 0, flsh-op 0
2018-06-26 17:29:15,355 [51] DEBUG Photon.StarDust.Client.Program - peers: 15, r-ev: 276.4366, ur-ev: 0, r-op: 136.2438, ur-op: 0, res: 0, r-rtt: 38.92143, ur-rtt: 0, rtt: 12.46667, var: 7.333333, flsh-rtt: 0, flsh-ev 0, flsh-op 0
2018-06-26 17:29:16,370 [62] DEBUG Photon.StarDust.Client.Program - peers: 15, r-ev: 271.0671, ur-ev: 0, r-op: 138.9834, ur-op: 0, res: 0, r-rtt: 34.46545, ur-rtt: 0, rtt: 12.8, var: 4.8, flsh-rtt: 0, flsh-ev 0, flsh-op 0
2018-06-26 17:29:17,372 [61] DEBUG Photon.StarDust.Client.Program - peers: 15, r-ev: 278.4417, ur-ev: 0, r-op: 134.73, ur-op: 0, res: 0, r-rtt: 38.24555, ur-rtt: 0, rtt: 12.93333, var: 5.4, flsh-rtt: 0, flsh-ev 0, flsh-op 0
2018-06-26 17:29:18,374 [50] DEBUG Photon.StarDust.Client.Program - peers: 15, r-ev: 273.353, ur-ev: 0, r-op: 138.6718, ur-op: 0, res: 0, r-rtt: 33.67279, ur-rtt: 0, rtt: 12.8, var: 4.866667, flsh-rtt: 0, flsh-ev 0, flsh-op 0
2018-06-26 17:29:19,388 [59] DEBUG Photon.StarDust.Client.Program - peers: 15, r-ev: 267.3852, ur-ev: 0, r-op: 137.1459, ur-op: 0, res: 0, r-rtt: 36.42435, ur-rtt: 0, rtt: 12.33333, var: 4.933333, flsh-rtt: 0, flsh-ev 0, flsh-op 0
2018-06-26 17:29:20,388 [55] DEBUG Photon.StarDust.Client.Program - peers: 15, r-ev: 282.9337, ur-ev: 0, r-op: 135.9682, ur-op: 0, res: 0, r-rtt: 38.40989, ur-rtt: 0, rtt: 12.06667, var: 5.333333, flsh-rtt: 0, flsh-ev 0, flsh-op 0
2018-06-26 17:29:21,388 [59] DEBUG Photon.StarDust.Client.Program - peers: 15, r-ev: 272.9702, ur-ev: 0, r-op: 136.9851, ur-op: 0, res: 0, r-rtt: 36.73993, ur-rtt: 0, rtt: 15.2, var: 5.266667, flsh-rtt: 0, flsh-ev 0, flsh-op 0
2018-06-26 17:29:22,402 [55] DEBUG Photon.StarDust.Client.Program - peers: 15, r-ev: 267.1382, ur-ev: 0, r-op: 137.0192, ur-op: 0, res: 0, r-rtt: 35.41697, ur-rtt: 0, rtt: 13.66667, var: 4.266667, flsh-rtt: 0, flsh-ev 0, flsh-op 0
2018-06-26 17:29:23,402 [58] DEBUG Photon.StarDust.Client.Program - peers: 15, r-ev: 282.1401, ur-ev: 0, r-op: 140.0696, ur-op: 0, res: 0, r-rtt: 35.31915, ur-rtt: 0, rtt: 12.66667, var: 4.8, flsh-rtt: 0, flsh-ev 0, flsh-op 0
2018-06-26 17:29:24,404 [55] DEBUG Photon.StarDust.Client.Program - peers: 15, r-ev: 271.4159, ur-ev: 0, r-op: 135.708, ur-op: 0, res: 0, r-rtt: 34.50368, ur-rtt: 0, rtt: 12.4, var: 5, flsh-rtt: 0, flsh-ev 0, flsh-op 0
2018-06-26 17:29:25,419 [4] DEBUG Photon.StarDust.Client.Program - peers: 15, r-ev: 277.8586, ur-ev: 0, r-op: 135.9734, ur-op: 0, res: 0, r-rtt: 35.76241, ur-rtt: 0, rtt: 12.26667, var: 5.4, flsh-rtt: 0, flsh-ev 0, flsh-op 0
2018-06-26 17:29:26,433 [14] DEBUG Photon.StarDust.Client.Program - peers: 15, r-ev: 269.1316, ur-ev: 0, r-op: 139.002, ur-op: 0, res: 0, r-rtt: 35.15329, ur-rtt: 0, rtt: 11.53333, var: 5.266667, flsh-rtt: 0, flsh-ev 0, flsh-op 0
2018-06-26 17:29:27,433 [4] DEBUG Photon.StarDust.Client.Program - peers: 15, r-ev: 273.0459, ur-ev: 0, r-op: 135.0227, ur-op: 0, res: 0, r-rtt: 37.11397, ur-rtt: 0, rtt: 11.4, var: 5.266667, flsh-rtt: 0, flsh-ev 0, flsh-op 0
2018-06-26 17:29:28,436 [15] DEBUG Photon.StarDust.Client.Program - peers: 15, r-ev: 279.2614, ur-ev: 0, r-op: 138.6334, ur-op: 0, res: 0, r-rtt: 37.51429, ur-rtt: 0, rtt: 10.46667, var: 5.533333, flsh-rtt: 0, flsh-ev 0, flsh-op 0
2018-06-26 17:29:29,450 [4] DEBUG Photon.StarDust.Client.Program - peers: 15, r-ev: 269.2666, ur-ev: 0, r-op: 138.0854, ur-op: 0, res: 0, r-rtt: 35.15385, ur-rtt: 0, rtt: 10.26667, var: 6, flsh-rtt: 0, flsh-ev 0, flsh-op 0
2018-06-26 17:29:30,452 [15] DEBUG Photon.StarDust.Client.Program - peers: 15, r-ev: 277.3465, ur-ev: 0, r-op: 134.6827, ur-op: 0, res: 0, r-rtt: 38.99281, ur-rtt: 0, rtt: 9.466666, var: 6.4, flsh-rtt: 0, flsh-ev 0, flsh-op 0
2018-06-26 17:29:31,464 [14] DEBUG Photon.StarDust.Client.Program - peers: 15, r-ev: 271.6248, ur-ev: 0, r-op: 139.2695, ur-op: 0, res: 0, r-rtt: 38.76812, ur-rtt: 0, rtt: 9.533334, var: 6.266667, flsh-rtt: 0, flsh-ev 0, flsh-op 0
