8108: 09:54:19.695 - ---
8108: 09:54:19.695 - Service: "Photon Socket Server" starting
8108: 09:54:19.695 - Config File: C:\HP\Photon-OnPremise-Server-SDK_v4-0-29-11263\deploy\bin_Win64\PhotonServer.config
8108: 09:54:19.696 - Will produce at most: 10 crash dumps
8108: 09:54:19.697 - Service shutting down
8108: 09:54:19.698 - Service shut down complete
12612: 10:01:39.085 - ---
12612: 10:01:39.085 - Service: "Photon Socket Server" starting
12612: 10:01:39.085 - Config File: C:\HP\Photon-OnPremise-Server-SDK_v4-0-29-11263\deploy\bin_Win64\PhotonServer.config
12612: 10:01:39.086 - Will produce at most: 10 crash dumps
12612: 10:01:39.087 - Service shutting down
12612: 10:01:39.088 - Service shut down complete
6840: 10:19:19.760 - ---
6840: 10:19:19.760 - Service: "Photon Socket Server" starting
6840: 10:19:19.760 - Config File: C:\HP\Photon-OnPremise-Server-SDK_v4-0-29-11263\deploy\bin_Win64\PhotonServer.config
6840: 10:19:19.762 - Will produce at most: 10 crash dumps
6840: 10:19:19.762 - Service shutting down
6840: 10:19:19.763 - Service shut down complete
6440: 10:55:02.466 - ---
6440: 10:55:02.466 - Service: "Photon Socket Server" starting
6440: 10:55:02.466 - Config File: C:\HP\Photon-OnPremise-Server-SDK_v4-0-29-11263\deploy\bin_Win64\PhotonServer.config
6440: 10:55:02.467 - Will produce at most: 10 crash dumps
6440: 10:55:02.467 - Service shutting down
6440: 10:55:02.470 - Service shut down complete
4120: 10:58:25.234 - ---
4120: 10:58:25.234 - Service: "Photon Socket Server" starting
4120: 10:58:25.234 - Config File: C:\HP\Photon-OnPremise-Server-SDK_v4-0-29-11263\deploy\bin_Win64\PhotonServer.config
4120: 10:58:25.236 - Will produce at most: 10 crash dumps
4120: 10:58:25.236 - Service shutting down
4120: 10:58:25.237 - Service shut down complete
1428: 10:58:57.446 - ---
1428: 10:58:57.446 - Service: "Photon Socket Server" starting
1428: 10:58:57.446 - Config File: C:\HP\Photon-OnPremise-Server-SDK_v4-0-29-11263\deploy\bin_Win64\PhotonServer.config
1428: 10:58:57.447 - Will produce at most: 10 crash dumps
1428: 10:58:57.448 - Service shutting down
1428: 10:58:57.449 - Service shut down complete
18180: 11:06:08.187 - ---
18180: 11:06:08.187 - Service: "Photon Socket Server" starting
18180: 11:06:08.187 - Config File: C:\HP\Photon-OnPremise-Server-SDK_v4-0-29-11263\deploy\bin_Win64\PhotonServer.config
18180: 11:06:08.189 - Will produce at most: 10 crash dumps
18180: 11:06:08.189 - Service shutting down
18180: 11:06:08.190 - Service shut down complete
