11020: 10:21:53.814 - ---
11020: 10:21:53.815 - Service: "Photon Socket Server" starting
11020: 10:21:53.815 - Config File: C:\HP\Photon-OnPremise-Server-SDK_v4-0-29-11263\deploy\bin_Win64\PhotonServer.config
11020: 10:21:53.817 - Will produce at most: 10 crash dumps
11020: 10:21:53.817 - Action: run as exe
11020: 10:21:53.818 - Server Starting...
11020: 10:21:53.819 -    Tick count: 587879296 (wraps in: 42.9061 days)
11020: 10:21:53.819 - Tick count 64: 587879296
11020: 10:21:53.819 - Photon Version: 4.0.28.2962
11020: 10:21:53.819 - PID: 20344
11020: 10:21:53.820 - Config File: C:\HP\Photon-OnPremise-Server-SDK_v4-0-29-11263\deploy\bin_Win64\PhotonServer.config
11020: 10:21:53.820 - Will NOT log unimportant exceptions
11020: 10:21:53.830 - Not using performance counters as they are not currently installed. Run the service with /InstallCounters to install them.
11020: 10:21:53.831 - Shutdown timeout enabled: 30000ms
11020: 10:21:53.832 - Starting I/O thread pool with 2 threads
11020: 10:21:53.833 - Using Standard allocator
11020: 10:21:53.833 - Max message size: 512000
11020: 10:21:53.835 - Starting business logic thread pool with the following settings
11020: 10:21:53.835 - InitialThreads: 4 threads
11020: 10:21:53.835 - MinThreads: 4 threads
11020: 10:21:53.835 - Thread pool is fixed size
11020: 10:21:53.835 - Starting ENet thread pool with the following settings
11020: 10:21:53.835 - InitialThreads: 2 threads
11020: 10:21:53.835 - MinThreads: 2 threads
11020: 10:21:53.835 - Thread pool is fixed size
11020: 10:21:53.835 - OnlyDispatchTimers: False
11020: 10:21:53.836 - S2S: flow control: Max pending writes: 50
11020: 10:21:53.836 - S2S: flow control: Max queued buffers: 200
11020: 10:21:53.836 - S2S: flow control: Max pending writes MUX: 500
11020: 10:21:53.836 - S2S: flow control: Max queued buffers MUX: 2000
11020: 10:21:53.836 - S2S: MaxInboundMessageSize: 512000
11020: 10:21:53.836 - S2S: MaxOutboundMessageSize: 512000
11020: 10:21:53.836 - S2S: No inactivity timeout
11020: 10:21:53.840 - WebSocket S2S: MaxInboundMessageSize: 512000
11020: 10:21:53.840 - WebSocket S2S: MaxOutboundMessageSize: 512000
11020: 10:21:53.840 - WebSocket S2S: No inactivity timeout
11020: 10:21:53.841 - Max Reliable Data In Transit (awaiting ACKs) per peer : 51200 bytes
11020: 10:21:53.841 - Per peer bandwidth limit
11020: 10:21:53.841 - Transmit Rate Limit: 256 KB/Sec
11020: 10:21:53.841 - Limit period: 200ms
11020: 10:21:53.841 - Limit per period: 52428 bytes
11020: 10:21:53.841 - Max queued data for transmission per peer: 512000 bytes
11020: 10:21:53.841 - Minimum retransmit timeout: 200
11020: 10:21:53.841 - No Maximum retransmit timeout
11020: 10:21:53.841 - Minimum ENet timeout: 5000ms
11020: 10:21:53.841 - Maximum ENet timeout: 30000ms
11020: 10:21:53.841 - Max Inbound Reliable Data Queued (awaiting resends of earlier sequence numbers) per peer : 163840 bytes
11020: 10:21:53.841 - No RTT ACK adjustment timeout
11020: 10:21:53.841 - Outbound ENet: MaxInboundMessageSize: 512000
11020: 10:21:53.841 - Outbound ENet: MaxOutboundMessageSize: 512000
11020: 10:21:53.852 - GetRuntime - About to load CLR - versions available:
11020: 10:21:53.852 - v2.0.50727
11020: 10:21:53.852 - v4.0.30319
11020: 10:21:53.852 - Configuration requests: "v2.0.50727"
11020: 10:21:53.852 - About to load version: "v2.0.50727"
11020: 10:21:53.903 - About to load runtime: PhotonHostRuntime.PhotonDomainManager from PhotonHostRuntime, Culture=neutral, PublicKeyToken=02C301B61B060C4D
11020: 10:21:53.903 - CLRBaseDirectory set to "C:\HP\Photon-OnPremise-Server-SDK_v4-0-29-11263\deploy"
11020: 10:21:53.903 - Optimising event broadcast for 20 or more peers
11020: 10:21:53.906 - Start: About to load CLR - versions available:
11020: 10:21:53.906 - v2.0.50727
11020: 10:21:53.906 - v4.0.30319
11020: 10:21:53.906 - No preference in configuration file, will load latest.
11020: 10:21:53.906 - About to load version: "v4.0.30319"
11020: 10:21:53.907 - Loaded version: "v4.0.30319"
11020: 10:21:54.045 - Photon host runtime loaded
11020: 10:21:55.658 - LICENSE: No license file was found. Starting with Bootstrap License.
11020: 10:21:55.658 - License is valid.
11020: 10:21:55.658 - Licensed for 20 concurrent connections.
11020: 10:21:55.658 - ENet: Max Reliable Data In Transit (awaiting ACKs) per peer : 51200 bytes
11020: 10:21:55.658 - ENet: Per peer bandwidth limit
11020: 10:21:55.658 - ENet: Transmit Rate Limit: 256 KB/Sec
11020: 10:21:55.658 - ENet: Limit period: 200ms
11020: 10:21:55.658 - ENet: Limit per period: 52428 bytes
11020: 10:21:55.658 - ENet: Max queued data for transmission per peer: 512000 bytes
11020: 10:21:55.658 - ENet: Minimum retransmit timeout: 200
11020: 10:21:55.658 - No Maximum retransmit timeout
11020: 10:21:55.658 - ENet: Minimum timeout: 5000ms
11020: 10:21:55.658 - ENet: Maximum timeout: 30000ms
11020: 10:21:55.658 - ENet: Max Inbound Reliable Data Queued (awaiting resends of earlier sequence numbers) per peer : 163840 bytes
11020: 10:21:55.658 - No RTT ACK adjustment timeout
11020: 10:21:55.658 - About to load application: Master from Photon.LoadBalancing
11020: 10:21:55.658 - Auto restart is enabled for application, existing connections will be terminated during restart
11020: 10:21:55.658 - Application will restart 1000ms after the last change detected
11020: 10:21:55.658 - Application will restart if files matching the following are changed: "dll;config"
11020: 10:21:55.658 - Application will NOT restart if files matching the following are changed: "log4net.config"
11020: 10:21:55.906 - Taking reference on default app domain
11020: 10:21:56.208 - Application: "Master" started in app domain: 2
11020: 10:21:56.208 - About to load application: Game from Photon.LoadBalancing
11020: 10:21:56.208 - Auto restart is enabled for application, existing connections will be terminated during restart
11020: 10:21:56.208 - Application will restart 1000ms after the last change detected
11020: 10:21:56.208 - Application will restart if files matching the following are changed: "dll;config"
11020: 10:21:56.208 - Application will NOT restart if files matching the following are changed: "log4net.config"
11020: 10:21:56.426 - Taking reference on default app domain
11020: 10:21:56.870 - Application: "Game" started in app domain: 3
11020: 10:21:56.870 - About to load application: CounterPublisher from CounterPublisher
11020: 10:21:56.870 - Auto restart is enabled for application, existing connections will be terminated during restart
11020: 10:21:56.870 - Application will restart 1000ms after the last change detected
11020: 10:21:56.870 - Application will restart if files matching the following are changed: "dll;config"
11020: 10:21:56.870 - Application will NOT restart if files matching the following are changed: "log4net.config"
11020: 10:21:57.084 - Taking reference on default app domain
11020: 10:21:57.328 - Application: "CounterPublisher" started in app domain: 4
11020: 10:21:57.328 - Adding TCP listener on: 0.0.0.0: 4530 with a listen backlog of: 150
11020: 10:21:57.328 - TCP inactivity timeout: 10000ms
11020: 10:21:57.328 - TCP disconnect timeout: 120000ms
11020: 10:21:57.328 - MaxInboundMessageSize: 512000
11020: 10:21:57.328 - MaxOutboundMessageSize: 512000
11020: 10:21:57.328 - Forcing all applications ids to: "Master"
11020: 10:21:57.331 - Serving policy file requests from: "C:\HP\Photon-OnPremise-Server-SDK_v4-0-29-11263\deploy\Policy\assets\socket-policy.xml"
11020: 10:21:57.331 - Adding TCP listener on: 0.0.0.0: 4531 with a listen backlog of: 150
11020: 10:21:57.331 - TCP inactivity timeout: 10000ms
11020: 10:21:57.331 - TCP disconnect timeout: 120000ms
11020: 10:21:57.331 - MaxInboundMessageSize: 512000
11020: 10:21:57.331 - MaxOutboundMessageSize: 512000
11020: 10:21:57.331 - Forcing all applications ids to: "Game"
11020: 10:21:57.331 - Serving policy file requests from: "C:\HP\Photon-OnPremise-Server-SDK_v4-0-29-11263\deploy\Policy\assets\socket-policy.xml"
11020: 10:21:57.331 - Adding TCP listener on: 0.0.0.0: 4520 with a listen backlog of: 150
11020: 10:21:57.331 - TCP inactivity timeout: 5000ms
11020: 10:21:57.331 - TCP disconnect timeout: 120000ms
11020: 10:21:57.331 - MaxInboundMessageSize: 512000
11020: 10:21:57.331 - MaxOutboundMessageSize: 512000
11020: 10:21:57.331 - Forcing all applications ids to: "Master"
11020: 10:21:57.331 - MaxInboundMessageSize: 512000
11020: 10:21:57.331 - MaxOutboundMessageSize: 512000
11020: 10:21:57.331 - UDP address specified as: "0.0.0.0" adding listener to each available IPv4 address
11020: 10:21:57.332 - Adding UDP listener on: 192.168.2.25: 5055 with a listen backlog of: 500
11020: 10:21:57.332 - Adding UDP listener on: 127.0.0.1: 5055 with a listen backlog of: 500
11020: 10:21:57.332 - Forcing all applications ids to: "Game"
11020: 10:21:57.332 - MaxInboundMessageSize: 512000
11020: 10:21:57.332 - MaxOutboundMessageSize: 512000
11020: 10:21:57.332 - UDP address specified as: "0.0.0.0" adding listener to each available IPv4 address
11020: 10:21:57.332 - Adding UDP listener on: 192.168.2.25: 5056 with a listen backlog of: 500
11020: 10:21:57.332 - Adding UDP listener on: 127.0.0.1: 5056 with a listen backlog of: 500
11020: 10:21:57.332 - Adding WebSocket TCP listener on: 0.0.0.0: 9090 with a listen backlog of: 150
11020: 10:21:57.332 - Nagle disabled
11020: 10:21:57.332 - TCP inactivity timeout: 10000ms
11020: 10:21:57.332 - MaxInboundMessageSize: 512000
11020: 10:21:57.332 - MaxOutboundMessageSize: 512000
11020: 10:21:57.332 - Forcing all applications ids to: "Master"
11020: 10:21:57.332 - Will accept ANY sub-protocols from the client
11020: 10:21:57.332 - No automatic WebSocket ping
11020: 10:21:57.333 - Adding WebSocket TCP listener on: 0.0.0.0: 9091 with a listen backlog of: 150
11020: 10:21:57.333 - Nagle disabled
11020: 10:21:57.333 - TCP inactivity timeout: 10000ms
11020: 10:21:57.333 - MaxInboundMessageSize: 512000
11020: 10:21:57.333 - MaxOutboundMessageSize: 512000
11020: 10:21:57.333 - Forcing all applications ids to: "Game"
11020: 10:21:57.333 - Will accept ANY sub-protocols from the client
11020: 10:21:57.333 - No automatic WebSocket ping
11020: 10:21:57.333 - Adding Policy File listener on: 0.0.0.0: 843 with a listen backlog of: 150 and serving Policy File: "C:\HP\Photon-OnPremise-Server-SDK_v4-0-29-11263\deploy\Policy\assets\socket-policy.xml"
11020: 10:21:57.333 - TCP inactivity timeout: 1000ms
11020: 10:21:57.338 - Adding Policy File listener on: 0.0.0.0: 943 with a listen backlog of: 150 and serving Policy File: "C:\HP\Photon-OnPremise-Server-SDK_v4-0-29-11263\deploy\Policy\assets\socket-policy-silverlight.xml"
11020: 10:21:57.338 - TCP inactivity timeout: 1000ms
11020: 10:21:57.366 - Service is running...
