9788: 15:21:38.251 - ---
9788: 15:21:38.251 - Service: "Photon Socket Server" starting
9788: 15:21:38.251 - Config File: C:\HP\Photon-OnPremise-Server-SDK_v4-0-29-11263\deploy\bin_Win64\PhotonServer.config
9788: 15:21:38.254 - Will produce at most: 10 crash dumps
9788: 15:21:38.254 - Action: run as exe
9788: 15:21:38.255 - Server Starting...
9788: 15:21:38.256 -    Tick count: 432779437 (wraps in: 44.7012 days)
9788: 15:21:38.256 - Tick count 64: 432779437
9788: 15:21:38.256 - Photon Version: 4.0.28.2962
9788: 15:21:38.256 - PID: 15300
9788: 15:21:38.256 - Config File: C:\HP\Photon-OnPremise-Server-SDK_v4-0-29-11263\deploy\bin_Win64\PhotonServer.config
9788: 15:21:38.256 - Will NOT log unimportant exceptions
9788: 15:21:38.263 - Not using performance counters as they are not currently installed. Run the service with /InstallCounters to install them.
9788: 15:21:38.263 - Shutdown timeout enabled: 30000ms
9788: 15:21:38.264 - Starting I/O thread pool with 2 threads
9788: 15:21:38.265 - Using Standard allocator
9788: 15:21:38.265 - Max message size: 512000
9788: 15:21:38.266 - Starting business logic thread pool with the following settings
9788: 15:21:38.266 - InitialThreads: 4 threads
9788: 15:21:38.266 - MinThreads: 4 threads
9788: 15:21:38.266 - Thread pool is fixed size
9788: 15:21:38.266 - Starting ENet thread pool with the following settings
9788: 15:21:38.266 - InitialThreads: 2 threads
9788: 15:21:38.266 - MinThreads: 2 threads
9788: 15:21:38.266 - Thread pool is fixed size
9788: 15:21:38.266 - OnlyDispatchTimers: False
9788: 15:21:38.267 - S2S: flow control: Max pending writes: 50
9788: 15:21:38.267 - S2S: flow control: Max queued buffers: 200
9788: 15:21:38.267 - S2S: flow control: Max pending writes MUX: 500
9788: 15:21:38.267 - S2S: flow control: Max queued buffers MUX: 2000
9788: 15:21:38.267 - S2S: MaxInboundMessageSize: 512000
9788: 15:21:38.267 - S2S: MaxOutboundMessageSize: 512000
9788: 15:21:38.267 - S2S: No inactivity timeout
9788: 15:21:38.271 - WebSocket S2S: MaxInboundMessageSize: 512000
9788: 15:21:38.271 - WebSocket S2S: MaxOutboundMessageSize: 512000
9788: 15:21:38.271 - WebSocket S2S: No inactivity timeout
9788: 15:21:38.271 - Max Reliable Data In Transit (awaiting ACKs) per peer : 51200 bytes
9788: 15:21:38.271 - Per peer bandwidth limit
9788: 15:21:38.271 - Transmit Rate Limit: 256 KB/Sec
9788: 15:21:38.271 - Limit period: 200ms
9788: 15:21:38.271 - Limit per period: 52428 bytes
9788: 15:21:38.271 - Max queued data for transmission per peer: 512000 bytes
9788: 15:21:38.271 - Minimum retransmit timeout: 200
9788: 15:21:38.271 - No Maximum retransmit timeout
9788: 15:21:38.271 - Minimum ENet timeout: 5000ms
9788: 15:21:38.271 - Maximum ENet timeout: 30000ms
9788: 15:21:38.271 - Max Inbound Reliable Data Queued (awaiting resends of earlier sequence numbers) per peer : 163840 bytes
9788: 15:21:38.271 - No RTT ACK adjustment timeout
9788: 15:21:38.271 - Outbound ENet: MaxInboundMessageSize: 512000
9788: 15:21:38.271 - Outbound ENet: MaxOutboundMessageSize: 512000
9788: 15:21:38.301 - GetRuntime - About to load CLR - versions available:
9788: 15:21:38.301 - v2.0.50727
9788: 15:21:38.301 - v4.0.30319
9788: 15:21:38.301 - Configuration requests: "v2.0.50727"
9788: 15:21:38.301 - About to load version: "v2.0.50727"
9788: 15:21:38.346 - About to load runtime: PhotonHostRuntime.PhotonDomainManager from PhotonHostRuntime, Culture=neutral, PublicKeyToken=02C301B61B060C4D
9788: 15:21:38.346 - CLRBaseDirectory set to "C:\HP\Photon-OnPremise-Server-SDK_v4-0-29-11263\deploy"
9788: 15:21:38.346 - Optimising event broadcast for 20 or more peers
9788: 15:21:38.348 - Start: About to load CLR - versions available:
9788: 15:21:38.348 - v2.0.50727
9788: 15:21:38.348 - v4.0.30319
9788: 15:21:38.348 - No preference in configuration file, will load latest.
9788: 15:21:38.348 - About to load version: "v4.0.30319"
9788: 15:21:38.351 - Loaded version: "v4.0.30319"
9788: 15:21:38.595 - Photon host runtime loaded
9788: 15:21:41.422 - LICENSE: No license file was found. Starting with Bootstrap License.
9788: 15:21:41.422 - License is valid.
9788: 15:21:41.422 - Licensed for 20 concurrent connections.
9788: 15:21:41.422 - ENet: Max Reliable Data In Transit (awaiting ACKs) per peer : 51200 bytes
9788: 15:21:41.422 - ENet: Per peer bandwidth limit
9788: 15:21:41.422 - ENet: Transmit Rate Limit: 256 KB/Sec
9788: 15:21:41.422 - ENet: Limit period: 200ms
9788: 15:21:41.422 - ENet: Limit per period: 52428 bytes
9788: 15:21:41.422 - ENet: Max queued data for transmission per peer: 512000 bytes
9788: 15:21:41.422 - ENet: Minimum retransmit timeout: 200
9788: 15:21:41.422 - No Maximum retransmit timeout
9788: 15:21:41.422 - ENet: Minimum timeout: 5000ms
9788: 15:21:41.422 - ENet: Maximum timeout: 30000ms
9788: 15:21:41.422 - ENet: Max Inbound Reliable Data Queued (awaiting resends of earlier sequence numbers) per peer : 163840 bytes
9788: 15:21:41.422 - No RTT ACK adjustment timeout
9788: 15:21:41.423 - About to load application: Master from Photon.LoadBalancing
9788: 15:21:41.423 - Auto restart is enabled for application, existing connections will be terminated during restart
9788: 15:21:41.423 - Application will restart 1000ms after the last change detected
9788: 15:21:41.423 - Application will restart if files matching the following are changed: "dll;config"
9788: 15:21:41.423 - Application will NOT restart if files matching the following are changed: "log4net.config"
9788: 15:21:41.679 - Taking reference on default app domain
9788: 15:21:41.994 - Application: "Master" started in app domain: 2
9788: 15:21:41.994 - About to load application: Game from Photon.LoadBalancing
9788: 15:21:41.994 - Auto restart is enabled for application, existing connections will be terminated during restart
9788: 15:21:41.994 - Application will restart 1000ms after the last change detected
9788: 15:21:41.994 - Application will restart if files matching the following are changed: "dll;config"
9788: 15:21:41.994 - Application will NOT restart if files matching the following are changed: "log4net.config"
9788: 15:21:42.230 - Taking reference on default app domain
9788: 15:21:42.702 - Application: "Game" started in app domain: 3
9788: 15:21:42.703 - About to load application: CounterPublisher from CounterPublisher
9788: 15:21:42.703 - Auto restart is enabled for application, existing connections will be terminated during restart
9788: 15:21:42.703 - Application will restart 1000ms after the last change detected
9788: 15:21:42.703 - Application will restart if files matching the following are changed: "dll;config"
9788: 15:21:42.703 - Application will NOT restart if files matching the following are changed: "log4net.config"
9788: 15:21:42.932 - Taking reference on default app domain
9788: 15:21:43.211 - Application: "CounterPublisher" started in app domain: 4
9788: 15:21:43.211 - Adding TCP listener on: 0.0.0.0: 4530 with a listen backlog of: 150
9788: 15:21:43.211 - TCP inactivity timeout: 10000ms
9788: 15:21:43.211 - TCP disconnect timeout: 120000ms
9788: 15:21:43.211 - MaxInboundMessageSize: 512000
9788: 15:21:43.211 - MaxOutboundMessageSize: 512000
9788: 15:21:43.211 - Forcing all applications ids to: "Master"
9788: 15:21:43.214 - Serving policy file requests from: "C:\HP\Photon-OnPremise-Server-SDK_v4-0-29-11263\deploy\Policy\assets\socket-policy.xml"
9788: 15:21:43.214 - Adding TCP listener on: 0.0.0.0: 4531 with a listen backlog of: 150
9788: 15:21:43.214 - TCP inactivity timeout: 10000ms
9788: 15:21:43.214 - TCP disconnect timeout: 120000ms
9788: 15:21:43.214 - MaxInboundMessageSize: 512000
9788: 15:21:43.214 - MaxOutboundMessageSize: 512000
9788: 15:21:43.214 - Forcing all applications ids to: "Game"
9788: 15:21:43.214 - Serving policy file requests from: "C:\HP\Photon-OnPremise-Server-SDK_v4-0-29-11263\deploy\Policy\assets\socket-policy.xml"
9788: 15:21:43.215 - Adding TCP listener on: 0.0.0.0: 4520 with a listen backlog of: 150
9788: 15:21:43.215 - TCP inactivity timeout: 5000ms
9788: 15:21:43.215 - TCP disconnect timeout: 120000ms
9788: 15:21:43.215 - MaxInboundMessageSize: 512000
9788: 15:21:43.215 - MaxOutboundMessageSize: 512000
9788: 15:21:43.215 - Forcing all applications ids to: "Master"
9788: 15:21:43.215 - MaxInboundMessageSize: 512000
9788: 15:21:43.215 - MaxOutboundMessageSize: 512000
9788: 15:21:43.215 - UDP address specified as: "0.0.0.0" adding listener to each available IPv4 address
9788: 15:21:43.215 - Adding UDP listener on: 156.139.10.17: 5055 with a listen backlog of: 500
9788: 15:21:43.215 - Adding UDP listener on: 127.0.0.1: 5055 with a listen backlog of: 500
9788: 15:21:43.215 - Forcing all applications ids to: "Game"
9788: 15:21:43.215 - MaxInboundMessageSize: 512000
9788: 15:21:43.215 - MaxOutboundMessageSize: 512000
9788: 15:21:43.215 - UDP address specified as: "0.0.0.0" adding listener to each available IPv4 address
9788: 15:21:43.215 - Adding UDP listener on: 156.139.10.17: 5056 with a listen backlog of: 500
9788: 15:21:43.215 - Adding UDP listener on: 127.0.0.1: 5056 with a listen backlog of: 500
9788: 15:21:43.215 - Adding WebSocket TCP listener on: 0.0.0.0: 9090 with a listen backlog of: 150
9788: 15:21:43.215 - Nagle disabled
9788: 15:21:43.215 - TCP inactivity timeout: 10000ms
9788: 15:21:43.215 - MaxInboundMessageSize: 512000
9788: 15:21:43.215 - MaxOutboundMessageSize: 512000
9788: 15:21:43.215 - Forcing all applications ids to: "Master"
9788: 15:21:43.215 - Will accept ANY sub-protocols from the client
9788: 15:21:43.215 - No automatic WebSocket ping
9788: 15:21:43.216 - Adding WebSocket TCP listener on: 0.0.0.0: 9091 with a listen backlog of: 150
9788: 15:21:43.216 - Nagle disabled
9788: 15:21:43.216 - TCP inactivity timeout: 10000ms
9788: 15:21:43.216 - MaxInboundMessageSize: 512000
9788: 15:21:43.216 - MaxOutboundMessageSize: 512000
9788: 15:21:43.216 - Forcing all applications ids to: "Game"
9788: 15:21:43.216 - Will accept ANY sub-protocols from the client
9788: 15:21:43.216 - No automatic WebSocket ping
9788: 15:21:43.216 - Adding Policy File listener on: 0.0.0.0: 843 with a listen backlog of: 150 and serving Policy File: "C:\HP\Photon-OnPremise-Server-SDK_v4-0-29-11263\deploy\Policy\assets\socket-policy.xml"
9788: 15:21:43.216 - TCP inactivity timeout: 1000ms
9788: 15:21:43.220 - Adding Policy File listener on: 0.0.0.0: 943 with a listen backlog of: 150 and serving Policy File: "C:\HP\Photon-OnPremise-Server-SDK_v4-0-29-11263\deploy\Policy\assets\socket-policy-silverlight.xml"
9788: 15:21:43.220 - TCP inactivity timeout: 1000ms
9788: 15:21:43.249 - Service is running...
9788: 15:25:13.364 - Service is stopped...
9788: 15:25:13.364 - Server shutting down...
9788: 15:25:13.364 - Shutdown monitoring enabled, 30000ms before process abort
9788: 15:25:13.364 - Notifying CLR applications of shutdown...
9788: 15:25:13.364 - RequestApplicationStop: 4
9788: 15:25:13.375 - RequestApplicationStop: 3
9788: 15:25:13.396 - RequestApplicationStop: 2
9788: 15:25:13.409 - RequestStop: defalt app domain
9788: 15:25:13.413 - Shutting down WebSocket Outbound Connection Manager...
9788: 15:25:13.413 - Shutting down TCP Outbound Connection Manager...
9788: 15:25:13.413 - Shutting down ENet Outbound Connection Manager...
9788: 15:25:13.413 - Disconnecting all outbound peers...
9788: 15:25:13.413 - Shutting down ENet host...
9788: 15:25:13.413 - Disconnecting all peers...
9788: 15:25:13.413 - Shutting down socket servers...
9788: 15:25:13.413 - Shutting down ENet thread pool...
9788: 15:25:13.413 - Shutting down TCP inactivity timers...
9788: 15:25:13.414 - WaitingForShutdownToComplete: NativePolicy:0.0.0.0:843
9788: 15:25:13.414 - OnShutdownCompleted: NativePolicy:0.0.0.0:843
9788: 15:25:13.414 - WaitingForShutdownToComplete: NativePolicy:0.0.0.0:943
9788: 15:25:13.414 - OnShutdownCompleted: NativePolicy:0.0.0.0:943
9788: 15:25:13.414 - WaitingForShutdownToComplete: TCP:0.0.0.0:4520
9788: 15:25:13.414 - OnShutdownCompleted: TCP:0.0.0.0:4520
9788: 15:25:13.414 - WaitingForShutdownToComplete: TCP:0.0.0.0:4530
9788: 15:25:13.414 - OnShutdownCompleted: TCP:0.0.0.0:4530
9788: 15:25:13.414 - WaitingForShutdownToComplete: TCP:0.0.0.0:4531
9788: 15:25:13.414 - OnShutdownCompleted: TCP:0.0.0.0:4531
9788: 15:25:13.414 - WaitingForShutdownToComplete: UDP:127.0.0.1:5055
9788: 15:25:13.414 - OnShutdownCompleted: UDP:127.0.0.1:5055
9788: 15:25:13.414 - WaitingForShutdownToComplete: UDP:127.0.0.1:5056
9788: 15:25:13.414 - OnShutdownCompleted: UDP:127.0.0.1:5056
9788: 15:25:13.414 - WaitingForShutdownToComplete: UDP:156.139.10.17:5055
9788: 15:25:13.414 - OnShutdownCompleted: UDP:156.139.10.17:5055
9788: 15:25:13.414 - WaitingForShutdownToComplete: UDP:156.139.10.17:5056
9788: 15:25:13.414 - OnShutdownCompleted: UDP:156.139.10.17:5056
9788: 15:25:13.414 - WaitingForShutdownToComplete: WebSocket:0.0.0.0:9090
9788: 15:25:13.414 - OnShutdownCompleted: WebSocket:0.0.0.0:9090
9788: 15:25:13.414 - WaitingForShutdownToComplete: WebSocket:0.0.0.0:9091
9788: 15:25:13.414 - OnShutdownCompleted: WebSocket:0.0.0.0:9091
9788: 15:25:13.414 - Shutting down CLR applications...
5164: 15:25:13.424 - CManagedHost::OnDefaultAction() - OPR_AppDomainUnload - eUnloadAppDomain
19216: 15:25:13.435 - Unloading Domain: ApplicationName = 'CounterPublisher', DomainId='4'
5164: 15:25:13.435 - CManagedHost::OnDomainUnload() - 4
9788: 15:25:13.457 - Shutting down business logic thread pool...
9788: 15:25:13.457 - Shutting down I/O thread pool...
9788: 15:25:13.457 - Destroying servers
9788: 15:25:13.458 - Destroying WebSocket Outbound Connection Manager
9788: 15:25:13.458 - Destroying TCP Outbound Connection Manager
9788: 15:25:13.458 - Destroying TCP inactivity timer
9788: 15:25:13.458 - Destroying ENet timer wheel
9788: 15:25:13.458 - Destroying ENet host
9788: 15:25:13.458 - Destroying ENet outbound host
9788: 15:25:13.458 - Destroying HTTP inactivity timer
9788: 15:25:13.458 - Destroying HTTP host
9788: 15:25:13.458 - Destroying HTTP Chunk host
9788: 15:25:13.458 - Flushing ENET buffer allocator...
9788: 15:25:13.459 - Flushing TCP buffer handle allocator...
9788: 15:25:13.459 - Flushing stream socket allocator...
9788: 15:25:13.459 - Flushing inbound datagram socket allocator...
9788: 15:25:13.460 - Flushing outbound datagram socket allocator...
9788: 15:25:13.460 - Destroying CLR dispatcher
9788: 15:25:13.460 - Destroying CLR applications
9788: 15:25:13.461 - ~CCLRApplicationCollection() - Waiting up to 10 seconds for the CLR to release all of our objects
5164: 15:25:13.469 - CManagedHost::OnDefaultAction() - OPR_AppDomainUnload - eUnloadAppDomain
19216: 15:25:13.477 - Unloading Domain: ApplicationName = 'Master', DomainId='2'
5164: 15:25:13.477 - CManagedHost::OnDomainUnload() - 2
5164: 15:25:13.486 - CManagedHost::OnDefaultAction() - OPR_AppDomainUnload - eUnloadAppDomain
19216: 15:25:13.496 - Unloading Domain: ApplicationName = 'Game', DomainId='3'
5164: 15:25:13.496 - CManagedHost::OnDomainUnload() - 3
9788: 15:25:13.503 - ~CCLRApplicationCollection() - Done. All objects released
9788: 15:25:13.503 - ~CManagedHost() - Release default app domain
9788: 15:25:13.503 - CManagedHost::OnDomainUnload() - 1
9788: 15:25:13.503 - ~CManagedHost() - Waiting up to 10 seconds for CLR shutdown...
9788: 15:25:13.503 - ~CManagedHost
9788: 15:25:13.503 - Destroying ENet thread pool
9788: 15:25:13.503 - Destroying Business logic thread pool
9788: 15:25:13.503 - Destroying I/O thread pool
9788: 15:25:13.503 - Destroying ENet buffer allocator
9788: 15:25:13.503 - Destroying TCP buffer allocator
9788: 15:25:13.503 - Destroying TCP socket allocator
9788: 15:25:13.503 - Destroying ENet inbound socket allocator
9788: 15:25:13.503 - Destroying ENet outbound socket allocator
9788: 15:25:13.503 - Destroying shared datagram flow control data
9788: 15:25:13.503 - Shutdown complete...
9788: 15:25:13.503 - Service shutting down
9788: 15:25:13.506 - Service shut down complete
14168: 15:26:06.263 - ---
14168: 15:26:06.263 - Service: "Photon Socket Server" starting
14168: 15:26:06.263 - Config File: C:\HP\Photon-OnPremise-Server-SDK_v4-0-29-11263\deploy\bin_Win64\PhotonServer.config
14168: 15:26:06.265 - Will produce at most: 10 crash dumps
14168: 15:26:06.265 - Action: run as exe
14168: 15:26:06.265 - Server Starting...
14168: 15:26:06.265 -    Tick count: 433047453 (wraps in: 44.6981 days)
14168: 15:26:06.265 - Tick count 64: 433047453
14168: 15:26:06.265 - Photon Version: 4.0.28.2962
14168: 15:26:06.265 - PID: 8436
14168: 15:26:06.265 - Config File: C:\HP\Photon-OnPremise-Server-SDK_v4-0-29-11263\deploy\bin_Win64\PhotonServer.config
14168: 15:26:06.266 - Will NOT log unimportant exceptions
14168: 15:26:06.267 - Not using performance counters as they are not currently installed. Run the service with /InstallCounters to install them.
14168: 15:26:06.267 - Shutdown timeout enabled: 30000ms
14168: 15:26:06.267 - Starting I/O thread pool with 2 threads
14168: 15:26:06.267 - Using Standard allocator
14168: 15:26:06.267 - Max message size: 512000
14168: 15:26:06.267 - Starting business logic thread pool with the following settings
14168: 15:26:06.267 - InitialThreads: 4 threads
14168: 15:26:06.267 - MinThreads: 4 threads
14168: 15:26:06.267 - Thread pool is fixed size
14168: 15:26:06.268 - Starting ENet thread pool with the following settings
14168: 15:26:06.268 - InitialThreads: 2 threads
14168: 15:26:06.268 - MinThreads: 2 threads
14168: 15:26:06.268 - Thread pool is fixed size
14168: 15:26:06.268 - OnlyDispatchTimers: False
14168: 15:26:06.268 - S2S: flow control: Max pending writes: 50
14168: 15:26:06.268 - S2S: flow control: Max queued buffers: 200
14168: 15:26:06.268 - S2S: flow control: Max pending writes MUX: 500
14168: 15:26:06.268 - S2S: flow control: Max queued buffers MUX: 2000
14168: 15:26:06.268 - S2S: MaxInboundMessageSize: 512000
14168: 15:26:06.268 - S2S: MaxOutboundMessageSize: 512000
14168: 15:26:06.268 - S2S: No inactivity timeout
14168: 15:26:06.269 - WebSocket S2S: MaxInboundMessageSize: 512000
14168: 15:26:06.269 - WebSocket S2S: MaxOutboundMessageSize: 512000
14168: 15:26:06.269 - WebSocket S2S: No inactivity timeout
14168: 15:26:06.269 - Max Reliable Data In Transit (awaiting ACKs) per peer : 51200 bytes
14168: 15:26:06.269 - Per peer bandwidth limit
14168: 15:26:06.269 - Transmit Rate Limit: 256 KB/Sec
14168: 15:26:06.269 - Limit period: 200ms
14168: 15:26:06.269 - Limit per period: 52428 bytes
14168: 15:26:06.269 - Max queued data for transmission per peer: 512000 bytes
14168: 15:26:06.269 - Minimum retransmit timeout: 200
14168: 15:26:06.269 - No Maximum retransmit timeout
14168: 15:26:06.269 - Minimum ENet timeout: 5000ms
14168: 15:26:06.269 - Maximum ENet timeout: 30000ms
14168: 15:26:06.269 - Max Inbound Reliable Data Queued (awaiting resends of earlier sequence numbers) per peer : 163840 bytes
14168: 15:26:06.269 - No RTT ACK adjustment timeout
14168: 15:26:06.269 - Outbound ENet: MaxInboundMessageSize: 512000
14168: 15:26:06.269 - Outbound ENet: MaxOutboundMessageSize: 512000
14168: 15:26:06.271 - GetRuntime - About to load CLR - versions available:
14168: 15:26:06.271 - v2.0.50727
14168: 15:26:06.271 - v4.0.30319
14168: 15:26:06.271 - Configuration requests: "v2.0.50727"
14168: 15:26:06.271 - About to load version: "v2.0.50727"
14168: 15:26:06.275 - About to load runtime: PhotonHostRuntime.PhotonDomainManager from PhotonHostRuntime, Culture=neutral, PublicKeyToken=02C301B61B060C4D
14168: 15:26:06.275 - CLRBaseDirectory set to "C:\HP\Photon-OnPremise-Server-SDK_v4-0-29-11263\deploy"
14168: 15:26:06.275 - Optimising event broadcast for 20 or more peers
14168: 15:26:06.275 - Start: About to load CLR - versions available:
14168: 15:26:06.275 - v2.0.50727
14168: 15:26:06.275 - v4.0.30319
14168: 15:26:06.275 - No preference in configuration file, will load latest.
14168: 15:26:06.275 - About to load version: "v4.0.30319"
14168: 15:26:06.276 - Loaded version: "v4.0.30319"
14168: 15:26:06.416 - Photon host runtime loaded
14168: 15:26:07.956 - LICENSE: No license file was found. Starting with Bootstrap License.
14168: 15:26:07.956 - License is valid.
14168: 15:26:07.956 - Licensed for 20 concurrent connections.
14168: 15:26:07.956 - ENet: Max Reliable Data In Transit (awaiting ACKs) per peer : 51200 bytes
14168: 15:26:07.956 - ENet: Per peer bandwidth limit
14168: 15:26:07.956 - ENet: Transmit Rate Limit: 256 KB/Sec
14168: 15:26:07.956 - ENet: Limit period: 200ms
14168: 15:26:07.956 - ENet: Limit per period: 52428 bytes
14168: 15:26:07.956 - ENet: Max queued data for transmission per peer: 512000 bytes
14168: 15:26:07.956 - ENet: Minimum retransmit timeout: 200
14168: 15:26:07.956 - No Maximum retransmit timeout
14168: 15:26:07.956 - ENet: Minimum timeout: 5000ms
14168: 15:26:07.956 - ENet: Maximum timeout: 30000ms
14168: 15:26:07.957 - ENet: Max Inbound Reliable Data Queued (awaiting resends of earlier sequence numbers) per peer : 163840 bytes
14168: 15:26:07.957 - No RTT ACK adjustment timeout
14168: 15:26:07.957 - About to load application: Master from Photon.LoadBalancing
14168: 15:26:07.957 - Auto restart is enabled for application, existing connections will be terminated during restart
14168: 15:26:07.957 - Application will restart 1000ms after the last change detected
14168: 15:26:07.957 - Application will restart if files matching the following are changed: "dll;config"
14168: 15:26:07.957 - Application will NOT restart if files matching the following are changed: "log4net.config"
14168: 15:26:08.103 - Taking reference on default app domain
14168: 15:26:08.238 - Application: "Master" started in app domain: 2
14168: 15:26:08.238 - About to load application: Game from Photon.LoadBalancing
14168: 15:26:08.238 - Auto restart is enabled for application, existing connections will be terminated during restart
14168: 15:26:08.238 - Application will restart 1000ms after the last change detected
14168: 15:26:08.238 - Application will restart if files matching the following are changed: "dll;config"
14168: 15:26:08.238 - Application will NOT restart if files matching the following are changed: "log4net.config"
14168: 15:26:08.374 - Taking reference on default app domain
14168: 15:26:08.591 - Application: "Game" started in app domain: 3
14168: 15:26:08.591 - About to load application: CounterPublisher from CounterPublisher
14168: 15:26:08.591 - Auto restart is enabled for application, existing connections will be terminated during restart
14168: 15:26:08.591 - Application will restart 1000ms after the last change detected
14168: 15:26:08.591 - Application will restart if files matching the following are changed: "dll;config"
14168: 15:26:08.591 - Application will NOT restart if files matching the following are changed: "log4net.config"
14168: 15:26:08.726 - Taking reference on default app domain
14168: 15:26:08.838 - Application: "CounterPublisher" started in app domain: 4
14168: 15:26:08.838 - Adding TCP listener on: 0.0.0.0: 4530 with a listen backlog of: 150
14168: 15:26:08.838 - TCP inactivity timeout: 10000ms
14168: 15:26:08.838 - TCP disconnect timeout: 120000ms
14168: 15:26:08.838 - MaxInboundMessageSize: 512000
14168: 15:26:08.838 - MaxOutboundMessageSize: 512000
14168: 15:26:08.838 - Forcing all applications ids to: "Master"
14168: 15:26:08.838 - Serving policy file requests from: "C:\HP\Photon-OnPremise-Server-SDK_v4-0-29-11263\deploy\Policy\assets\socket-policy.xml"
14168: 15:26:08.838 - Adding TCP listener on: 0.0.0.0: 4531 with a listen backlog of: 150
14168: 15:26:08.838 - TCP inactivity timeout: 10000ms
14168: 15:26:08.838 - TCP disconnect timeout: 120000ms
14168: 15:26:08.838 - MaxInboundMessageSize: 512000
14168: 15:26:08.838 - MaxOutboundMessageSize: 512000
14168: 15:26:08.838 - Forcing all applications ids to: "Game"
14168: 15:26:08.839 - Serving policy file requests from: "C:\HP\Photon-OnPremise-Server-SDK_v4-0-29-11263\deploy\Policy\assets\socket-policy.xml"
14168: 15:26:08.839 - Adding TCP listener on: 0.0.0.0: 4520 with a listen backlog of: 150
14168: 15:26:08.839 - TCP inactivity timeout: 5000ms
14168: 15:26:08.839 - TCP disconnect timeout: 120000ms
14168: 15:26:08.839 - MaxInboundMessageSize: 512000
14168: 15:26:08.839 - MaxOutboundMessageSize: 512000
14168: 15:26:08.839 - Forcing all applications ids to: "Master"
14168: 15:26:08.839 - MaxInboundMessageSize: 512000
14168: 15:26:08.839 - MaxOutboundMessageSize: 512000
14168: 15:26:08.839 - UDP address specified as: "0.0.0.0" adding listener to each available IPv4 address
14168: 15:26:08.839 - Adding UDP listener on: 156.139.10.17: 5055 with a listen backlog of: 500
14168: 15:26:08.839 - Adding UDP listener on: 127.0.0.1: 5055 with a listen backlog of: 500
14168: 15:26:08.839 - Forcing all applications ids to: "Game"
14168: 15:26:08.839 - MaxInboundMessageSize: 512000
14168: 15:26:08.839 - MaxOutboundMessageSize: 512000
14168: 15:26:08.839 - UDP address specified as: "0.0.0.0" adding listener to each available IPv4 address
14168: 15:26:08.839 - Adding UDP listener on: 156.139.10.17: 5056 with a listen backlog of: 500
14168: 15:26:08.839 - Adding UDP listener on: 127.0.0.1: 5056 with a listen backlog of: 500
14168: 15:26:08.839 - Adding WebSocket TCP listener on: 0.0.0.0: 9090 with a listen backlog of: 150
14168: 15:26:08.839 - Nagle disabled
14168: 15:26:08.839 - TCP inactivity timeout: 10000ms
14168: 15:26:08.839 - MaxInboundMessageSize: 512000
14168: 15:26:08.839 - MaxOutboundMessageSize: 512000
14168: 15:26:08.839 - Forcing all applications ids to: "Master"
14168: 15:26:08.839 - Will accept ANY sub-protocols from the client
14168: 15:26:08.839 - No automatic WebSocket ping
14168: 15:26:08.840 - Adding WebSocket TCP listener on: 0.0.0.0: 9091 with a listen backlog of: 150
14168: 15:26:08.840 - Nagle disabled
14168: 15:26:08.840 - TCP inactivity timeout: 10000ms
14168: 15:26:08.840 - MaxInboundMessageSize: 512000
14168: 15:26:08.840 - MaxOutboundMessageSize: 512000
14168: 15:26:08.840 - Forcing all applications ids to: "Game"
14168: 15:26:08.840 - Will accept ANY sub-protocols from the client
14168: 15:26:08.840 - No automatic WebSocket ping
14168: 15:26:08.840 - Adding Policy File listener on: 0.0.0.0: 843 with a listen backlog of: 150 and serving Policy File: "C:\HP\Photon-OnPremise-Server-SDK_v4-0-29-11263\deploy\Policy\assets\socket-policy.xml"
14168: 15:26:08.840 - TCP inactivity timeout: 1000ms
14168: 15:26:08.840 - Adding Policy File listener on: 0.0.0.0: 943 with a listen backlog of: 150 and serving Policy File: "C:\HP\Photon-OnPremise-Server-SDK_v4-0-29-11263\deploy\Policy\assets\socket-policy-silverlight.xml"
14168: 15:26:08.840 - TCP inactivity timeout: 1000ms
14168: 15:26:08.867 - Service is running...
14168: 15:26:38.766 - Service is stopped...
14168: 15:26:38.766 - Server shutting down...
14168: 15:26:38.766 - Shutdown monitoring enabled, 30000ms before process abort
14168: 15:26:38.766 - Notifying CLR applications of shutdown...
14168: 15:26:38.766 - RequestApplicationStop: 4
14168: 15:26:38.777 - RequestApplicationStop: 3
14168: 15:26:38.798 - RequestApplicationStop: 2
14168: 15:26:38.811 - RequestStop: defalt app domain
14168: 15:26:38.816 - Shutting down WebSocket Outbound Connection Manager...
14168: 15:26:38.816 - Shutting down TCP Outbound Connection Manager...
14168: 15:26:38.816 - Shutting down ENet Outbound Connection Manager...
14168: 15:26:38.816 - Disconnecting all outbound peers...
14168: 15:26:38.816 - Shutting down ENet host...
14168: 15:26:38.816 - Disconnecting all peers...
14168: 15:26:38.816 - Shutting down socket servers...
14168: 15:26:38.816 - Shutting down ENet thread pool...
14168: 15:26:38.816 - Shutting down TCP inactivity timers...
14168: 15:26:38.816 - WaitingForShutdownToComplete: NativePolicy:0.0.0.0:843
14168: 15:26:38.816 - OnShutdownCompleted: NativePolicy:0.0.0.0:843
14168: 15:26:38.816 - WaitingForShutdownToComplete: NativePolicy:0.0.0.0:943
14168: 15:26:38.816 - OnShutdownCompleted: NativePolicy:0.0.0.0:943
14168: 15:26:38.816 - WaitingForShutdownToComplete: TCP:0.0.0.0:4520
14168: 15:26:38.816 - OnShutdownCompleted: TCP:0.0.0.0:4520
14168: 15:26:38.816 - WaitingForShutdownToComplete: TCP:0.0.0.0:4530
14168: 15:26:38.816 - OnShutdownCompleted: TCP:0.0.0.0:4530
14168: 15:26:38.816 - WaitingForShutdownToComplete: TCP:0.0.0.0:4531
14168: 15:26:38.816 - OnShutdownCompleted: TCP:0.0.0.0:4531
14168: 15:26:38.816 - WaitingForShutdownToComplete: UDP:127.0.0.1:5055
14168: 15:26:38.816 - OnShutdownCompleted: UDP:127.0.0.1:5055
14168: 15:26:38.816 - WaitingForShutdownToComplete: UDP:127.0.0.1:5056
14168: 15:26:38.816 - OnShutdownCompleted: UDP:127.0.0.1:5056
14168: 15:26:38.816 - WaitingForShutdownToComplete: UDP:156.139.10.17:5055
14168: 15:26:38.816 - OnShutdownCompleted: UDP:156.139.10.17:5055
14168: 15:26:38.816 - WaitingForShutdownToComplete: UDP:156.139.10.17:5056
14168: 15:26:38.816 - OnShutdownCompleted: UDP:156.139.10.17:5056
14168: 15:26:38.816 - WaitingForShutdownToComplete: WebSocket:0.0.0.0:9090
14168: 15:26:38.816 - OnShutdownCompleted: WebSocket:0.0.0.0:9090
14168: 15:26:38.816 - WaitingForShutdownToComplete: WebSocket:0.0.0.0:9091
14168: 15:26:38.816 - OnShutdownCompleted: WebSocket:0.0.0.0:9091
14168: 15:26:38.816 - Shutting down CLR applications...
4716: 15:26:38.825 - CManagedHost::OnDefaultAction() - OPR_AppDomainUnload - eUnloadAppDomain
16760: 15:26:38.836 - Unloading Domain: ApplicationName = 'CounterPublisher', DomainId='4'
4716: 15:26:38.836 - CManagedHost::OnDomainUnload() - 4
14168: 15:26:38.856 - Shutting down business logic thread pool...
14168: 15:26:38.856 - Shutting down I/O thread pool...
14168: 15:26:38.856 - Destroying servers
14168: 15:26:38.856 - Destroying WebSocket Outbound Connection Manager
14168: 15:26:38.856 - Destroying TCP Outbound Connection Manager
14168: 15:26:38.856 - Destroying TCP inactivity timer
14168: 15:26:38.856 - Destroying ENet timer wheel
14168: 15:26:38.856 - Destroying ENet host
14168: 15:26:38.856 - Destroying ENet outbound host
14168: 15:26:38.856 - Destroying HTTP inactivity timer
14168: 15:26:38.856 - Destroying HTTP host
14168: 15:26:38.856 - Destroying HTTP Chunk host
14168: 15:26:38.856 - Flushing ENET buffer allocator...
14168: 15:26:38.858 - Flushing TCP buffer handle allocator...
14168: 15:26:38.858 - Flushing stream socket allocator...
14168: 15:26:38.858 - Flushing inbound datagram socket allocator...
14168: 15:26:38.859 - Flushing outbound datagram socket allocator...
14168: 15:26:38.859 - Destroying CLR dispatcher
14168: 15:26:38.859 - Destroying CLR applications
14168: 15:26:38.860 - ~CCLRApplicationCollection() - Waiting up to 10 seconds for the CLR to release all of our objects
4716: 15:26:38.864 - CManagedHost::OnDefaultAction() - OPR_AppDomainUnload - eUnloadAppDomain
16760: 15:26:38.873 - Unloading Domain: ApplicationName = 'Master', DomainId='2'
4716: 15:26:38.873 - CManagedHost::OnDomainUnload() - 2
4716: 15:26:38.881 - CManagedHost::OnDefaultAction() - OPR_AppDomainUnload - eUnloadAppDomain
16760: 15:26:38.890 - Unloading Domain: ApplicationName = 'Game', DomainId='3'
4716: 15:26:38.891 - CManagedHost::OnDomainUnload() - 3
14168: 15:26:38.897 - ~CCLRApplicationCollection() - Done. All objects released
14168: 15:26:38.898 - ~CManagedHost() - Release default app domain
14168: 15:26:38.898 - CManagedHost::OnDomainUnload() - 1
14168: 15:26:38.898 - ~CManagedHost() - Waiting up to 10 seconds for CLR shutdown...
14168: 15:26:38.898 - ~CManagedHost
14168: 15:26:38.898 - Destroying ENet thread pool
14168: 15:26:38.898 - Destroying Business logic thread pool
14168: 15:26:38.898 - Destroying I/O thread pool
14168: 15:26:38.898 - Destroying ENet buffer allocator
14168: 15:26:38.898 - Destroying TCP buffer allocator
14168: 15:26:38.898 - Destroying TCP socket allocator
14168: 15:26:38.898 - Destroying ENet inbound socket allocator
14168: 15:26:38.898 - Destroying ENet outbound socket allocator
14168: 15:26:38.898 - Destroying shared datagram flow control data
14168: 15:26:38.898 - Shutdown complete...
14168: 15:26:38.898 - Service shutting down
14168: 15:26:38.901 - Service shut down complete
16324: 15:27:11.148 - ---
16324: 15:27:11.148 - Service: "Photon Socket Server" starting
16324: 15:27:11.148 - Config File: C:\HP\Photon-OnPremise-Server-SDK_v4-0-29-11263\deploy\bin_Win64\PhotonServer.config
16324: 15:27:11.150 - Will produce at most: 10 crash dumps
16324: 15:27:11.150 - Action: run as exe
16324: 15:27:11.150 - Server Starting...
16324: 15:27:11.150 -    Tick count: 433112328 (wraps in: 44.6974 days)
16324: 15:27:11.150 - Tick count 64: 433112328
16324: 15:27:11.150 - Photon Version: 4.0.28.2962
16324: 15:27:11.150 - PID: 17776
16324: 15:27:11.150 - Config File: C:\HP\Photon-OnPremise-Server-SDK_v4-0-29-11263\deploy\bin_Win64\PhotonServer.config
16324: 15:27:11.151 - Will NOT log unimportant exceptions
16324: 15:27:11.152 - Not using performance counters as they are not currently installed. Run the service with /InstallCounters to install them.
16324: 15:27:11.152 - Shutdown timeout enabled: 30000ms
16324: 15:27:11.152 - Starting I/O thread pool with 2 threads
16324: 15:27:11.152 - Using Standard allocator
16324: 15:27:11.152 - Max message size: 512000
16324: 15:27:11.152 - Starting business logic thread pool with the following settings
16324: 15:27:11.152 - InitialThreads: 4 threads
16324: 15:27:11.152 - MinThreads: 4 threads
16324: 15:27:11.152 - Thread pool is fixed size
16324: 15:27:11.152 - Starting ENet thread pool with the following settings
16324: 15:27:11.152 - InitialThreads: 2 threads
16324: 15:27:11.152 - MinThreads: 2 threads
16324: 15:27:11.152 - Thread pool is fixed size
16324: 15:27:11.152 - OnlyDispatchTimers: False
16324: 15:27:11.152 - S2S: flow control: Max pending writes: 50
16324: 15:27:11.152 - S2S: flow control: Max queued buffers: 200
16324: 15:27:11.152 - S2S: flow control: Max pending writes MUX: 500
16324: 15:27:11.152 - S2S: flow control: Max queued buffers MUX: 2000
16324: 15:27:11.152 - S2S: MaxInboundMessageSize: 512000
16324: 15:27:11.152 - S2S: MaxOutboundMessageSize: 512000
16324: 15:27:11.152 - S2S: No inactivity timeout
16324: 15:27:11.154 - WebSocket S2S: MaxInboundMessageSize: 512000
16324: 15:27:11.154 - WebSocket S2S: MaxOutboundMessageSize: 512000
16324: 15:27:11.154 - WebSocket S2S: No inactivity timeout
16324: 15:27:11.154 - Max Reliable Data In Transit (awaiting ACKs) per peer : 51200 bytes
16324: 15:27:11.154 - Per peer bandwidth limit
16324: 15:27:11.154 - Transmit Rate Limit: 256 KB/Sec
16324: 15:27:11.154 - Limit period: 200ms
16324: 15:27:11.154 - Limit per period: 52428 bytes
16324: 15:27:11.154 - Max queued data for transmission per peer: 512000 bytes
16324: 15:27:11.154 - Minimum retransmit timeout: 200
16324: 15:27:11.154 - No Maximum retransmit timeout
16324: 15:27:11.154 - Minimum ENet timeout: 5000ms
16324: 15:27:11.154 - Maximum ENet timeout: 30000ms
16324: 15:27:11.154 - Max Inbound Reliable Data Queued (awaiting resends of earlier sequence numbers) per peer : 163840 bytes
16324: 15:27:11.154 - No RTT ACK adjustment timeout
16324: 15:27:11.154 - Outbound ENet: MaxInboundMessageSize: 512000
16324: 15:27:11.154 - Outbound ENet: MaxOutboundMessageSize: 512000
16324: 15:27:11.155 - GetRuntime - About to load CLR - versions available:
16324: 15:27:11.155 - v2.0.50727
16324: 15:27:11.155 - v4.0.30319
16324: 15:27:11.155 - Configuration requests: "v2.0.50727"
16324: 15:27:11.155 - About to load version: "v2.0.50727"
16324: 15:27:11.159 - About to load runtime: PhotonHostRuntime.PhotonDomainManager from PhotonHostRuntime, Culture=neutral, PublicKeyToken=02C301B61B060C4D
16324: 15:27:11.159 - CLRBaseDirectory set to "C:\HP\Photon-OnPremise-Server-SDK_v4-0-29-11263\deploy"
16324: 15:27:11.159 - Optimising event broadcast for 20 or more peers
16324: 15:27:11.159 - Start: About to load CLR - versions available:
16324: 15:27:11.159 - v2.0.50727
16324: 15:27:11.159 - v4.0.30319
16324: 15:27:11.159 - No preference in configuration file, will load latest.
16324: 15:27:11.159 - About to load version: "v4.0.30319"
16324: 15:27:11.161 - Loaded version: "v4.0.30319"
16324: 15:27:11.303 - Photon host runtime loaded
16324: 15:27:12.849 - LICENSE: No license file was found. Starting with Bootstrap License.
16324: 15:27:12.849 - License is valid.
16324: 15:27:12.849 - Licensed for 20 concurrent connections.
16324: 15:27:12.849 - ENet: Max Reliable Data In Transit (awaiting ACKs) per peer : 51200 bytes
16324: 15:27:12.849 - ENet: Per peer bandwidth limit
16324: 15:27:12.849 - ENet: Transmit Rate Limit: 256 KB/Sec
16324: 15:27:12.849 - ENet: Limit period: 200ms
16324: 15:27:12.849 - ENet: Limit per period: 52428 bytes
16324: 15:27:12.849 - ENet: Max queued data for transmission per peer: 512000 bytes
16324: 15:27:12.849 - ENet: Minimum retransmit timeout: 200
16324: 15:27:12.849 - No Maximum retransmit timeout
16324: 15:27:12.849 - ENet: Minimum timeout: 5000ms
16324: 15:27:12.849 - ENet: Maximum timeout: 30000ms
16324: 15:27:12.849 - ENet: Max Inbound Reliable Data Queued (awaiting resends of earlier sequence numbers) per peer : 163840 bytes
16324: 15:27:12.849 - No RTT ACK adjustment timeout
16324: 15:27:12.849 - About to load application: Master from Photon.LoadBalancing
16324: 15:27:12.849 - Auto restart is enabled for application, existing connections will be terminated during restart
16324: 15:27:12.849 - Application will restart 1000ms after the last change detected
16324: 15:27:12.849 - Application will restart if files matching the following are changed: "dll;config"
16324: 15:27:12.849 - Application will NOT restart if files matching the following are changed: "log4net.config"
16324: 15:27:12.999 - Taking reference on default app domain
16324: 15:27:13.137 - Application: "Master" started in app domain: 2
16324: 15:27:13.137 - About to load application: Game from Photon.LoadBalancing
16324: 15:27:13.137 - Auto restart is enabled for application, existing connections will be terminated during restart
16324: 15:27:13.137 - Application will restart 1000ms after the last change detected
16324: 15:27:13.137 - Application will restart if files matching the following are changed: "dll;config"
16324: 15:27:13.137 - Application will NOT restart if files matching the following are changed: "log4net.config"
16324: 15:27:13.271 - Taking reference on default app domain
16324: 15:27:13.483 - Application: "Game" started in app domain: 3
16324: 15:27:13.483 - About to load application: CounterPublisher from CounterPublisher
16324: 15:27:13.483 - Auto restart is enabled for application, existing connections will be terminated during restart
16324: 15:27:13.483 - Application will restart 1000ms after the last change detected
16324: 15:27:13.483 - Application will restart if files matching the following are changed: "dll;config"
16324: 15:27:13.483 - Application will NOT restart if files matching the following are changed: "log4net.config"
16324: 15:27:13.618 - Taking reference on default app domain
16324: 15:27:13.736 - Application: "CounterPublisher" started in app domain: 4
16324: 15:27:13.736 - Adding TCP listener on: 0.0.0.0: 4530 with a listen backlog of: 150
16324: 15:27:13.736 - TCP inactivity timeout: 10000ms
16324: 15:27:13.736 - TCP disconnect timeout: 120000ms
16324: 15:27:13.736 - MaxInboundMessageSize: 512000
16324: 15:27:13.736 - MaxOutboundMessageSize: 512000
16324: 15:27:13.736 - Forcing all applications ids to: "Master"
16324: 15:27:13.736 - Serving policy file requests from: "C:\HP\Photon-OnPremise-Server-SDK_v4-0-29-11263\deploy\Policy\assets\socket-policy.xml"
16324: 15:27:13.736 - Adding TCP listener on: 0.0.0.0: 4531 with a listen backlog of: 150
16324: 15:27:13.736 - TCP inactivity timeout: 10000ms
16324: 15:27:13.736 - TCP disconnect timeout: 120000ms
16324: 15:27:13.736 - MaxInboundMessageSize: 512000
16324: 15:27:13.736 - MaxOutboundMessageSize: 512000
16324: 15:27:13.736 - Forcing all applications ids to: "Game"
16324: 15:27:13.736 - Serving policy file requests from: "C:\HP\Photon-OnPremise-Server-SDK_v4-0-29-11263\deploy\Policy\assets\socket-policy.xml"
16324: 15:27:13.736 - Adding TCP listener on: 0.0.0.0: 4520 with a listen backlog of: 150
16324: 15:27:13.736 - TCP inactivity timeout: 5000ms
16324: 15:27:13.736 - TCP disconnect timeout: 120000ms
16324: 15:27:13.736 - MaxInboundMessageSize: 512000
16324: 15:27:13.736 - MaxOutboundMessageSize: 512000
16324: 15:27:13.736 - Forcing all applications ids to: "Master"
16324: 15:27:13.736 - MaxInboundMessageSize: 512000
16324: 15:27:13.736 - MaxOutboundMessageSize: 512000
16324: 15:27:13.736 - UDP address specified as: "0.0.0.0" adding listener to each available IPv4 address
16324: 15:27:13.737 - Adding UDP listener on: 156.139.10.17: 5055 with a listen backlog of: 500
16324: 15:27:13.737 - Adding UDP listener on: 127.0.0.1: 5055 with a listen backlog of: 500
16324: 15:27:13.737 - Forcing all applications ids to: "Game"
16324: 15:27:13.737 - MaxInboundMessageSize: 512000
16324: 15:27:13.737 - MaxOutboundMessageSize: 512000
16324: 15:27:13.737 - UDP address specified as: "0.0.0.0" adding listener to each available IPv4 address
16324: 15:27:13.737 - Adding UDP listener on: 156.139.10.17: 5056 with a listen backlog of: 500
16324: 15:27:13.737 - Adding UDP listener on: 127.0.0.1: 5056 with a listen backlog of: 500
16324: 15:27:13.737 - Adding WebSocket TCP listener on: 0.0.0.0: 9090 with a listen backlog of: 150
16324: 15:27:13.737 - Nagle disabled
16324: 15:27:13.737 - TCP inactivity timeout: 10000ms
16324: 15:27:13.737 - MaxInboundMessageSize: 512000
16324: 15:27:13.737 - MaxOutboundMessageSize: 512000
16324: 15:27:13.737 - Forcing all applications ids to: "Master"
16324: 15:27:13.737 - Will accept ANY sub-protocols from the client
16324: 15:27:13.737 - No automatic WebSocket ping
16324: 15:27:13.737 - Adding WebSocket TCP listener on: 0.0.0.0: 9091 with a listen backlog of: 150
16324: 15:27:13.737 - Nagle disabled
16324: 15:27:13.737 - TCP inactivity timeout: 10000ms
16324: 15:27:13.737 - MaxInboundMessageSize: 512000
16324: 15:27:13.737 - MaxOutboundMessageSize: 512000
16324: 15:27:13.737 - Forcing all applications ids to: "Game"
16324: 15:27:13.737 - Will accept ANY sub-protocols from the client
16324: 15:27:13.737 - No automatic WebSocket ping
16324: 15:27:13.737 - Adding Policy File listener on: 0.0.0.0: 843 with a listen backlog of: 150 and serving Policy File: "C:\HP\Photon-OnPremise-Server-SDK_v4-0-29-11263\deploy\Policy\assets\socket-policy.xml"
16324: 15:27:13.737 - TCP inactivity timeout: 1000ms
16324: 15:27:13.737 - Adding Policy File listener on: 0.0.0.0: 943 with a listen backlog of: 150 and serving Policy File: "C:\HP\Photon-OnPremise-Server-SDK_v4-0-29-11263\deploy\Policy\assets\socket-policy-silverlight.xml"
16324: 15:27:13.737 - TCP inactivity timeout: 1000ms
16324: 15:27:13.764 - Service is running...
16032: 15:36:55.687 - Restarting application: "Game" due to file changes
16032: 15:36:55.687 - Application: "Game" restart request (abort existing connections)
16032: 15:36:55.822 - Taking reference on default app domain
16032: 15:36:56.022 - Application: "Game" started in app domain: 5
16032: 15:36:56.890 - RequestApplicationStop: 3
16032: 15:36:56.933 - Application: "Game" stopped in app domain: 3 (abort existing connections)
16032: 15:36:56.933 - Application: "Game" restart complete.
15556: 15:36:56.933 - CManagedHost::OnDefaultAction() - OPR_AppDomainUnload - eUnloadAppDomain
17792: 15:36:56.943 - Unloading Domain: ApplicationName = 'Game', DomainId='3'
15556: 15:36:56.943 - CManagedHost::OnDomainUnload() - 3
16032: 15:37:27.826 - Restarting application: "Game" due to file changes
16032: 15:37:27.826 - Application: "Game" restart request (abort existing connections)
16032: 15:37:27.955 - Taking reference on default app domain
16032: 15:37:28.150 - Application: "Game" started in app domain: 6
16032: 15:37:28.630 - RequestApplicationStop: 5
16032: 15:37:28.676 - Application: "Game" stopped in app domain: 5 (abort existing connections)
15556: 15:37:28.676 - CManagedHost::OnDefaultAction() - OPR_AppDomainUnload - eUnloadAppDomain
16032: 15:37:28.676 - Application: "Game" restart complete.
17792: 15:37:28.685 - Unloading Domain: ApplicationName = 'Game', DomainId='5'
15556: 15:37:28.685 - CManagedHost::OnDomainUnload() - 5
